[1113/210437.707:ERROR:directory_reader_win.cc(43)] FindFirstFile: 系统找不到指定的路径。 (0x3)
[1114/122518.592:ERROR:process_memory_win.cc(73)] ReadMemory at 0x18e39e20000 of 64 bytes failed: 仅完成部分的 ReadProcessMemory 或 WriteProcessMemory 请求。 (0x12B)
[1114/122518.594:WARNING:pe_image_reader.cc(340)] could not read dos header from C:\WINDOWS\System32\USER32.dll
[1114/122518.595:ERROR:process_memory_win.cc(73)] ReadMemory at 0x18e3852c580 of 72 bytes failed: 仅完成部分的 ReadProcessMemory 或 WriteProcessMemory 请求。 (0x12B)
[1114/122518.595:WARNING:pe_image_annotations_reader.cc(135)] could not read annotations list object in C:\Program Files (x86)\Google\Chrome\Application\86.0.4240.193\chrome_elf.dll
[1114/122518.595:ERROR:process_memory_win.cc(73)] ReadMemory at 0x18e38569bf0 of 72 bytes failed: 仅完成部分的 ReadProcessMemory 或 WriteProcessMemory 请求。 (0x12B)
[1114/122518.595:WARNING:pe_image_annotations_reader.cc(135)] could not read annotations list object in C:\Program Files (x86)\Google\Chrome\Application\86.0.4240.193\chrome.dll
[1114/122518.597:ERROR:process_memory_win.cc(73)] ReadMemory at 0x18e39e20000 of 64 bytes failed: 仅完成部分的 ReadProcessMemory 或 WriteProcessMemory 请求。 (0x12B)
[1114/122518.597:WARNING:pe_image_reader.cc(340)] could not read dos header from C:\WINDOWS\System32\USER32.dll
[1114/122518.597:ERROR:process_memory_win.cc(73)] ReadMemory at 0x18e39e20000 of 64 bytes failed: 仅完成部分的 ReadProcessMemory 或 WriteProcessMemory 请求。 (0x12B)
[1114/122518.597:WARNING:pe_image_reader.cc(340)] could not read dos header from C:\WINDOWS\System32\USER32.dll
[1114/122518.666:ERROR:process_memory_win.cc(73)] ReadMemory at 0x7ff726bf0000 of 64 bytes failed: 仅完成部分的 ReadProcessMemory 或 WriteProcessMemory 请求。 (0x12B)
[1114/122518.666:WARNING:pe_image_reader.cc(340)] could not read dos header from C:\Program Files (x86)\Google\Chrome\Application\chrome.exe
[1114/122518.666:ERROR:process_memory_win.cc(73)] ReadMemory at 0x7ffa5db20000 of 64 bytes failed: 仅完成部分的 ReadProcessMemory 或 WriteProcessMemory 请求。 (0x12B)
[1114/122518.666:WARNING:pe_image_reader.cc(340)] could not read dos header from C:\WINDOWS\SYSTEM32\ntdll.dll
[1114/122518.666:ERROR:process_memory_win.cc(73)] ReadMemory at 0x7ffa5bbd0000 of 64 bytes failed: 仅完成部分的 ReadProcessMemory 或 WriteProcessMemory 请求。 (0x12B)
[1114/122518.666:WARNING:pe_image_reader.cc(340)] could not read dos header from C:\WINDOWS\System32\KERNEL32.DLL
[1114/122518.666:ERROR:process_memory_win.cc(73)] ReadMemory at 0x7ffa5b500000 of 64 bytes failed: 仅完成部分的 ReadProcessMemory 或 WriteProcessMemory 请求。 (0x12B)
[1114/122518.666:WARNING:pe_image_reader.cc(340)] could not read dos header from C:\WINDOWS\System32\KERNELBASE.dll
[1114/122518.666:ERROR:process_memory_win.cc(73)] ReadMemory at 0x7ffa1d0d0000 of 64 bytes failed: 仅完成部分的 ReadProcessMemory 或 WriteProcessMemory 请求。 (0x12B)
[1114/122518.666:WARNING:pe_image_reader.cc(340)] could not read dos header from C:\Program Files (x86)\Google\Chrome\Application\86.0.4240.193\chrome_elf.dll
[1114/122518.666:ERROR:process_memory_win.cc(73)] ReadMemory at 0x7ffa55a60000 of 64 bytes failed: 仅完成部分的 ReadProcessMemory 或 WriteProcessMemory 请求。 (0x12B)
[1114/122518.666:WARNING:pe_image_reader.cc(340)] could not read dos header from C:\WINDOWS\SYSTEM32\VERSION.dll
[1114/122518.666:ERROR:process_memory_win.cc(73)] ReadMemory at 0x7ffa5ce50000 of 64 bytes failed: 仅完成部分的 ReadProcessMemory 或 WriteProcessMemory 请求。 (0x12B)
[1114/122518.666:WARNING:pe_image_reader.cc(340)] could not read dos header from C:\WINDOWS\System32\msvcrt.dll
[1114/122518.666:ERROR:process_memory_win.cc(73)] ReadMemory at 0x7ffa5b300000 of 64 bytes failed: 仅完成部分的 ReadProcessMemory 或 WriteProcessMemory 请求。 (0x12B)
[1114/122518.666:WARNING:pe_image_reader.cc(340)] could not read dos header from C:\WINDOWS\System32\bcryptPrimitives.dll
[1114/122518.666:ERROR:process_memory_win.cc(73)] ReadMemory at 0x7ffa5d5c0000 of 64 bytes failed: 仅完成部分的 ReadProcessMemory 或 WriteProcessMemory 请求。 (0x12B)
[1114/122518.666:WARNING:pe_image_reader.cc(340)] could not read dos header from C:\WINDOWS\System32\ADVAPI32.dll
[1114/122518.667:ERROR:process_memory_win.cc(73)] ReadMemory at 0x7ffa5cda0000 of 64 bytes failed: 仅完成部分的 ReadProcessMemory 或 WriteProcessMemory 请求。 (0x12B)
[1114/122518.667:WARNING:pe_image_reader.cc(340)] could not read dos header from C:\WINDOWS\System32\sechost.dll
[1114/122518.667:ERROR:process_memory_win.cc(73)] ReadMemory at 0x7ffa5d860000 of 64 bytes failed: 仅完成部分的 ReadProcessMemory 或 WriteProcessMemory 请求。 (0x12B)
[1114/122518.667:WARNING:pe_image_reader.cc(340)] could not read dos header from C:\WINDOWS\System32\RPCRT4.dll
[1114/122518.667:ERROR:process_memory_win.cc(73)] ReadMemory at 0x7ffa06d60000 of 64 bytes failed: 仅完成部分的 ReadProcessMemory 或 WriteProcessMemory 请求。 (0x12B)
[1114/122518.667:WARNING:pe_image_reader.cc(340)] could not read dos header from C:\Program Files (x86)\Google\Chrome\Application\86.0.4240.193\chrome.dll
[1114/122518.667:ERROR:process_memory_win.cc(73)] ReadMemory at 0x7ffa5d670000 of 64 bytes failed: 仅完成部分的 ReadProcessMemory 或 WriteProcessMemory 请求。 (0x12B)
[1114/122518.667:WARNING:pe_image_reader.cc(340)] could not read dos header from C:\WINDOWS\System32\WS2_32.dll
[1114/122518.667:ERROR:process_memory_win.cc(73)] ReadMemory at 0x7ffa5d790000 of 64 bytes failed: 仅完成部分的 ReadProcessMemory 或 WriteProcessMemory 请求。 (0x12B)
[1114/122518.667:WARNING:pe_image_reader.cc(340)] could not read dos header from C:\WINDOWS\System32\OLEAUT32.dll
[1114/122518.667:ERROR:process_memory_win.cc(73)] ReadMemory at 0x7ffa5b380000 of 64 bytes failed: 仅完成部分的 ReadProcessMemory 或 WriteProcessMemory 请求。 (0x12B)
[1114/122518.667:WARNING:pe_image_reader.cc(340)] could not read dos header from C:\WINDOWS\System32\msvcp_win.dll
[1114/122518.667:ERROR:process_memory_win.cc(73)] ReadMemory at 0x7ffa5b950000 of 64 bytes failed: 仅完成部分的 ReadProcessMemory 或 WriteProcessMemory 请求。 (0x12B)
[1114/122518.667:WARNING:pe_image_reader.cc(340)] could not read dos header from C:\WINDOWS\System32\ucrtbase.dll
[1114/122518.667:ERROR:process_memory_win.cc(73)] ReadMemory at 0x7ffa5d280000 of 64 bytes failed: 仅完成部分的 ReadProcessMemory 或 WriteProcessMemory 请求。 (0x12B)
[1114/122518.667:WARNING:pe_image_reader.cc(340)] could not read dos header from C:\WINDOWS\System32\combase.dll
[1114/122518.667:ERROR:process_memory_win.cc(73)] ReadMemory at 0x7ffa5b470000 of 64 bytes failed: 仅完成部分的 ReadProcessMemory 或 WriteProcessMemory 请求。 (0x12B)
[1114/122518.667:WARNING:pe_image_reader.cc(340)] could not read dos header from C:\WINDOWS\System32\WINTRUST.dll
[1114/122518.668:ERROR:process_memory_win.cc(73)] ReadMemory at 0x7ffa5aa60000 of 64 bytes failed: 仅完成部分的 ReadProcessMemory 或 WriteProcessMemory 请求。 (0x12B)
[1114/122518.668:WARNING:pe_image_reader.cc(340)] could not read dos header from C:\WINDOWS\System32\MSASN1.dll
[1114/122518.668:ERROR:process_memory_win.cc(73)] ReadMemory at 0x7ffa5ba80000 of 64 bytes failed: 仅完成部分的 ReadProcessMemory 或 WriteProcessMemory 请求。 (0x12B)
[1114/122518.668:WARNING:pe_image_reader.cc(340)] could not read dos header from C:\WINDOWS\System32\CRYPT32.dll
[1114/122518.668:ERROR:process_memory_win.cc(73)] ReadMemory at 0x7ffa4e090000 of 64 bytes failed: 仅完成部分的 ReadProcessMemory 或 WriteProcessMemory 请求。 (0x12B)
[1114/122518.668:WARNING:pe_image_reader.cc(340)] could not read dos header from C:\WINDOWS\SYSTEM32\dbghelp.dll
[1114/122518.668:ERROR:process_memory_win.cc(73)] ReadMemory at 0x7ffa59f40000 of 64 bytes failed: 仅完成部分的 ReadProcessMemory 或 WriteProcessMemory 请求。 (0x12B)
[1114/122518.668:WARNING:pe_image_reader.cc(340)] could not read dos header from C:\WINDOWS\SYSTEM32\IPHLPAPI.DLL
[1114/122518.668:ERROR:process_memory_win.cc(73)] ReadMemory at 0x7ffa585b0000 of 64 bytes failed: 仅完成部分的 ReadProcessMemory 或 WriteProcessMemory 请求。 (0x12B)
[1114/122518.668:WARNING:pe_image_reader.cc(340)] could not read dos header from C:\WINDOWS\SYSTEM32\WINMM.dll
[1114/122518.668:ERROR:process_memory_win.cc(73)] ReadMemory at 0x7ffa31190000 of 64 bytes failed: 仅完成部分的 ReadProcessMemory 或 WriteProcessMemory 请求。 (0x12B)
[1114/122518.668:WARNING:pe_image_reader.cc(340)] could not read dos header from C:\WINDOWS\SYSTEM32\UIAutomationCore.DLL
[1114/122518.668:ERROR:process_memory_win.cc(73)] ReadMemory at 0x7ffa490f0000 of 64 bytes failed: 仅完成部分的 ReadProcessMemory 或 WriteProcessMemory 请求。 (0x12B)
[1114/122518.668:WARNING:pe_image_reader.cc(340)] could not read dos header from C:\WINDOWS\SYSTEM32\Secur32.dll
[1114/122518.668:ERROR:process_memory_win.cc(73)] ReadMemory at 0x7ffa5a900000 of 64 bytes failed: 仅完成部分的 ReadProcessMemory 或 WriteProcessMemory 请求。 (0x12B)
[1114/122518.668:WARNING:pe_image_reader.cc(340)] could not read dos header from C:\WINDOWS\SYSTEM32\USERENV.dll
[1114/122518.668:ERROR:process_memory_win.cc(73)] ReadMemory at 0x7ffa5aa80000 of 64 bytes failed: 仅完成部分的 ReadProcessMemory 或 WriteProcessMemory 请求。 (0x12B)
[1114/122518.668:WARNING:pe_image_reader.cc(340)] could not read dos header from C:\WINDOWS\System32\profapi.dll
[1114/122518.669:ERROR:process_memory_win.cc(73)] ReadMemory at 0x7ffa49f30000 of 64 bytes failed: 仅完成部分的 ReadProcessMemory 或 WriteProcessMemory 请求。 (0x12B)
[1114/122518.669:WARNING:pe_image_reader.cc(340)] could not read dos header from C:\WINDOWS\SYSTEM32\DWrite.dll
[1114/122518.669:ERROR:process_memory_win.cc(73)] ReadMemory at 0x7ffa47570000 of 64 bytes failed: 仅完成部分的 ReadProcessMemory 或 WriteProcessMemory 请求。 (0x12B)
[1114/122518.669:WARNING:pe_image_reader.cc(340)] could not read dos header from C:\WINDOWS\SYSTEM32\WINSPOOL.DRV
[1114/122518.669:ERROR:process_memory_win.cc(73)] ReadMemory at 0x7ffa5a9f0000 of 64 bytes failed: 仅完成部分的 ReadProcessMemory 或 WriteProcessMemory 请求。 (0x12B)
[1114/122518.669:WARNING:pe_image_reader.cc(340)] could not read dos header from C:\WINDOWS\System32\kernel.appcore.dll
[1114/122518.669:ERROR:process_memory_win.cc(73)] ReadMemory at 0x7ffa5b4d0000 of 64 bytes failed: 仅完成部分的 ReadProcessMemory 或 WriteProcessMemory 请求。 (0x12B)
[1114/122518.669:WARNING:pe_image_reader.cc(340)] could not read dos header from C:\WINDOWS\System32\bcrypt.dll
[1114/122518.669:ERROR:process_memory_win.cc(73)] ReadMemory at 0x7ffa50e50000 of 64 bytes failed: 仅完成部分的 ReadProcessMemory 或 WriteProcessMemory 请求。 (0x12B)
[1114/122518.669:WARNING:pe_image_reader.cc(340)] could not read dos header from C:\WINDOWS\SYSTEM32\WINHTTP.dll
[1114/122518.669:ERROR:process_memory_win.cc(73)] ReadMemory at 0x7ffa53a70000 of 64 bytes failed: 仅完成部分的 ReadProcessMemory 或 WriteProcessMemory 请求。 (0x12B)
[1114/122518.669:WARNING:pe_image_reader.cc(340)] could not read dos header from C:\WINDOWS\SYSTEM32\dhcpcsvc.DLL
[1114/122518.669:ERROR:process_memory_win.cc(73)] ReadMemory at 0x7ffa5be30000 of 64 bytes failed: 仅完成部分的 ReadProcessMemory 或 WriteProcessMemory 请求。 (0x12B)
[1114/122518.669:WARNING:pe_image_reader.cc(340)] could not read dos header from C:\WINDOWS\System32\NSI.dll
[1114/122518.669:ERROR:process_memory_win.cc(73)] ReadMemory at 0x7ffa584a0000 of 64 bytes failed: 仅完成部分的 ReadProcessMemory 或 WriteProcessMemory 请求。 (0x12B)
[1114/122518.669:WARNING:pe_image_reader.cc(340)] could not read dos header from C:\WINDOWS\SYSTEM32\WINMMBASE.dll
[1114/122518.669:ERROR:process_memory_win.cc(73)] ReadMemory at 0x7ffa5b420000 of 64 bytes failed: 仅完成部分的 ReadProcessMemory 或 WriteProcessMemory 请求。 (0x12B)
[1114/122518.669:WARNING:pe_image_reader.cc(340)] could not read dos header from C:\WINDOWS\System32\cfgmgr32.dll
[1114/122518.669:ERROR:process_memory_win.cc(73)] ReadMemory at 0x7ffa57370000 of 64 bytes failed: 仅完成部分的 ReadProcessMemory 或 WriteProcessMemory 请求。 (0x12B)
[1114/122518.669:WARNING:pe_image_reader.cc(340)] could not read dos header from C:\WINDOWS\SYSTEM32\PROPSYS.dll
[1114/122518.669:ERROR:process_memory_win.cc(73)] ReadMemory at 0x7ffa5cf20000 of 64 bytes failed: 仅完成部分的 ReadProcessMemory 或 WriteProcessMemory 请求。 (0x12B)
[1114/122518.669:WARNING:pe_image_reader.cc(340)] could not read dos header from C:\WINDOWS\System32\shcore.dll
[1114/122518.669:ERROR:process_memory_win.cc(73)] ReadMemory at 0x7ffa5a8c0000 of 64 bytes failed: 仅完成部分的 ReadProcessMemory 或 WriteProcessMemory 请求。 (0x12B)
[1114/122518.669:WARNING:pe_image_reader.cc(340)] could not read dos header from C:\WINDOWS\SYSTEM32\SSPICLI.DLL
[1114/122518.670:ERROR:process_memory_win.cc(73)] ReadMemory at 0x7ffa5c6b0000 of 64 bytes failed: 仅完成部分的 ReadProcessMemory 或 WriteProcessMemory 请求。 (0x12B)
[1114/122518.670:WARNING:pe_image_reader.cc(340)] could not read dos header from C:\WINDOWS\System32\SHELL32.dll
[1114/122518.670:ERROR:process_memory_win.cc(73)] ReadMemory at 0x7ffa5aab0000 of 64 bytes failed: 仅完成部分的 ReadProcessMemory 或 WriteProcessMemory 请求。 (0x12B)
[1114/122518.670:WARNING:pe_image_reader.cc(340)] could not read dos header from C:\WINDOWS\System32\windows.storage.dll
[1114/122518.670:ERROR:process_memory_win.cc(73)] ReadMemory at 0x7ffa5aa10000 of 64 bytes failed: 仅完成部分的 ReadProcessMemory 或 WriteProcessMemory 请求。 (0x12B)
[1114/122518.670:WARNING:pe_image_reader.cc(340)] could not read dos header from C:\WINDOWS\System32\powrprof.dll
[1114/122518.670:ERROR:process_memory_win.cc(73)] ReadMemory at 0x7ffa5a9e0000 of 64 bytes failed: 仅完成部分的 ReadProcessMemory 或 WriteProcessMemory 请求。 (0x12B)
[1114/122518.670:WARNING:pe_image_reader.cc(340)] could not read dos header from C:\WINDOWS\System32\UMPDC.dll
[1114/122518.670:ERROR:process_memory_win.cc(73)] ReadMemory at 0x7ffa5da80000 of 64 bytes failed: 仅完成部分的 ReadProcessMemory 或 WriteProcessMemory 请求。 (0x12B)
[1114/122518.670:WARNING:pe_image_reader.cc(340)] could not read dos header from C:\WINDOWS\System32\shlwapi.dll
[1114/122518.670:ERROR:process_memory_win.cc(73)] ReadMemory at 0x7ffa5d980000 of 64 bytes failed: 仅完成部分的 ReadProcessMemory 或 WriteProcessMemory 请求。 (0x12B)
[1114/122518.670:WARNING:pe_image_reader.cc(340)] could not read dos header from C:\WINDOWS\System32\GDI32.dll
[1114/122518.670:ERROR:process_memory_win.cc(73)] ReadMemory at 0x7ffa5ba50000 of 64 bytes failed: 仅完成部分的 ReadProcessMemory 或 WriteProcessMemory 请求。 (0x12B)
[1114/122518.670:WARNING:pe_image_reader.cc(340)] could not read dos header from C:\WINDOWS\System32\win32u.dll
[1114/122518.670:ERROR:process_memory_win.cc(73)] ReadMemory at 0x7ffa5b7b0000 of 64 bytes failed: 仅完成部分的 ReadProcessMemory 或 WriteProcessMemory 请求。 (0x12B)
[1114/122518.670:WARNING:pe_image_reader.cc(340)] could not read dos header from C:\WINDOWS\System32\gdi32full.dll
[1114/122518.670:ERROR:process_memory_win.cc(73)] ReadMemory at 0x18e39e20000 of 64 bytes failed: 仅完成部分的 ReadProcessMemory 或 WriteProcessMemory 请求。 (0x12B)
[1114/122518.670:WARNING:pe_image_reader.cc(340)] could not read dos header from C:\WINDOWS\System32\USER32.dll
[1114/122518.670:ERROR:process_memory_win.cc(73)] ReadMemory at 0x7ffa5b2e0000 of 64 bytes failed: 仅完成部分的 ReadProcessMemory 或 WriteProcessMemory 请求。 (0x12B)
[1114/122518.670:WARNING:pe_image_reader.cc(340)] could not read dos header from C:\WINDOWS\System32\cryptsp.dll
[1114/122518.670:ERROR:process_memory_win.cc(73)] ReadMemory at 0x7ffa5cef0000 of 64 bytes failed: 仅完成部分的 ReadProcessMemory 或 WriteProcessMemory 请求。 (0x12B)
[1114/122518.670:WARNING:pe_image_reader.cc(340)] could not read dos header from C:\WINDOWS\System32\IMM32.DLL
[1114/122518.671:ERROR:process_memory_win.cc(73)] ReadMemory at 0x7ffa5a400000 of 64 bytes failed: 仅完成部分的 ReadProcessMemory 或 WriteProcessMemory 请求。 (0x12B)
[1114/122518.671:WARNING:pe_image_reader.cc(340)] could not read dos header from C:\WINDOWS\SYSTEM32\CRYPTBASE.DLL
[1114/122518.685:ERROR:process_memory_win.cc(73)] ReadMemory at 0x7ff726bf0000 of 64 bytes failed: 仅完成部分的 ReadProcessMemory 或 WriteProcessMemory 请求。 (0x12B)
[1114/122518.685:WARNING:pe_image_reader.cc(340)] could not read dos header from C:\Program Files (x86)\Google\Chrome\Application\chrome.exe
[1114/122518.685:ERROR:process_memory_win.cc(73)] ReadMemory at 0x7ffa5db20000 of 64 bytes failed: 仅完成部分的 ReadProcessMemory 或 WriteProcessMemory 请求。 (0x12B)
[1114/122518.685:WARNING:pe_image_reader.cc(340)] could not read dos header from C:\WINDOWS\SYSTEM32\ntdll.dll
[1114/122518.685:ERROR:process_memory_win.cc(73)] ReadMemory at 0x7ffa5bbd0000 of 64 bytes failed: 仅完成部分的 ReadProcessMemory 或 WriteProcessMemory 请求。 (0x12B)
[1114/122518.685:WARNING:pe_image_reader.cc(340)] could not read dos header from C:\WINDOWS\System32\KERNEL32.DLL
[1114/122518.685:ERROR:process_memory_win.cc(73)] ReadMemory at 0x7ffa5b500000 of 64 bytes failed: 仅完成部分的 ReadProcessMemory 或 WriteProcessMemory 请求。 (0x12B)
[1114/122518.685:WARNING:pe_image_reader.cc(340)] could not read dos header from C:\WINDOWS\System32\KERNELBASE.dll
[1114/122518.685:ERROR:process_memory_win.cc(73)] ReadMemory at 0x7ffa1d0d0000 of 64 bytes failed: 仅完成部分的 ReadProcessMemory 或 WriteProcessMemory 请求。 (0x12B)
[1114/122518.685:WARNING:pe_image_reader.cc(340)] could not read dos header from C:\Program Files (x86)\Google\Chrome\Application\86.0.4240.193\chrome_elf.dll
[1114/122518.686:ERROR:process_memory_win.cc(73)] ReadMemory at 0x7ffa55a60000 of 64 bytes failed: 仅完成部分的 ReadProcessMemory 或 WriteProcessMemory 请求。 (0x12B)
[1114/122518.686:WARNING:pe_image_reader.cc(340)] could not read dos header from C:\WINDOWS\SYSTEM32\VERSION.dll
[1114/122518.686:ERROR:process_memory_win.cc(73)] ReadMemory at 0x7ffa5ce50000 of 64 bytes failed: 仅完成部分的 ReadProcessMemory 或 WriteProcessMemory 请求。 (0x12B)
[1114/122518.686:WARNING:pe_image_reader.cc(340)] could not read dos header from C:\WINDOWS\System32\msvcrt.dll
[1114/122518.686:ERROR:process_memory_win.cc(73)] ReadMemory at 0x7ffa5b300000 of 64 bytes failed: 仅完成部分的 ReadProcessMemory 或 WriteProcessMemory 请求。 (0x12B)
[1114/122518.686:WARNING:pe_image_reader.cc(340)] could not read dos header from C:\WINDOWS\System32\bcryptPrimitives.dll
[1114/122518.686:ERROR:process_memory_win.cc(73)] ReadMemory at 0x7ffa5d5c0000 of 64 bytes failed: 仅完成部分的 ReadProcessMemory 或 WriteProcessMemory 请求。 (0x12B)
[1114/122518.686:WARNING:pe_image_reader.cc(340)] could not read dos header from C:\WINDOWS\System32\ADVAPI32.dll
[1114/122518.686:ERROR:process_memory_win.cc(73)] ReadMemory at 0x7ffa5cda0000 of 64 bytes failed: 仅完成部分的 ReadProcessMemory 或 WriteProcessMemory 请求。 (0x12B)
[1114/122518.686:WARNING:pe_image_reader.cc(340)] could not read dos header from C:\WINDOWS\System32\sechost.dll
[1114/122518.686:ERROR:process_memory_win.cc(73)] ReadMemory at 0x7ffa5d860000 of 64 bytes failed: 仅完成部分的 ReadProcessMemory 或 WriteProcessMemory 请求。 (0x12B)
[1114/122518.686:WARNING:pe_image_reader.cc(340)] could not read dos header from C:\WINDOWS\System32\RPCRT4.dll
[1114/122518.686:ERROR:process_memory_win.cc(73)] ReadMemory at 0x7ffa06d60000 of 64 bytes failed: 仅完成部分的 ReadProcessMemory 或 WriteProcessMemory 请求。 (0x12B)
[1114/122518.686:WARNING:pe_image_reader.cc(340)] could not read dos header from C:\Program Files (x86)\Google\Chrome\Application\86.0.4240.193\chrome.dll
[1114/122518.686:ERROR:process_memory_win.cc(73)] ReadMemory at 0x7ffa5d670000 of 64 bytes failed: 仅完成部分的 ReadProcessMemory 或 WriteProcessMemory 请求。 (0x12B)
[1114/122518.686:WARNING:pe_image_reader.cc(340)] could not read dos header from C:\WINDOWS\System32\WS2_32.dll
[1114/122518.686:ERROR:process_memory_win.cc(73)] ReadMemory at 0x7ffa5d790000 of 64 bytes failed: 仅完成部分的 ReadProcessMemory 或 WriteProcessMemory 请求。 (0x12B)
[1114/122518.686:WARNING:pe_image_reader.cc(340)] could not read dos header from C:\WINDOWS\System32\OLEAUT32.dll
[1114/122518.686:ERROR:process_memory_win.cc(73)] ReadMemory at 0x7ffa5b380000 of 64 bytes failed: 仅完成部分的 ReadProcessMemory 或 WriteProcessMemory 请求。 (0x12B)
[1114/122518.686:WARNING:pe_image_reader.cc(340)] could not read dos header from C:\WINDOWS\System32\msvcp_win.dll
[1114/122518.686:ERROR:process_memory_win.cc(73)] ReadMemory at 0x7ffa5b950000 of 64 bytes failed: 仅完成部分的 ReadProcessMemory 或 WriteProcessMemory 请求。 (0x12B)
[1114/122518.686:WARNING:pe_image_reader.cc(340)] could not read dos header from C:\WINDOWS\System32\ucrtbase.dll
[1114/122518.686:ERROR:process_memory_win.cc(73)] ReadMemory at 0x7ffa5d280000 of 64 bytes failed: 仅完成部分的 ReadProcessMemory 或 WriteProcessMemory 请求。 (0x12B)
[1114/122518.686:WARNING:pe_image_reader.cc(340)] could not read dos header from C:\WINDOWS\System32\combase.dll
[1114/122518.687:ERROR:process_memory_win.cc(73)] ReadMemory at 0x7ffa5b470000 of 64 bytes failed: 仅完成部分的 ReadProcessMemory 或 WriteProcessMemory 请求。 (0x12B)
[1114/122518.687:WARNING:pe_image_reader.cc(340)] could not read dos header from C:\WINDOWS\System32\WINTRUST.dll
[1114/122518.687:ERROR:process_memory_win.cc(73)] ReadMemory at 0x7ffa5aa60000 of 64 bytes failed: 仅完成部分的 ReadProcessMemory 或 WriteProcessMemory 请求。 (0x12B)
[1114/122518.687:WARNING:pe_image_reader.cc(340)] could not read dos header from C:\WINDOWS\System32\MSASN1.dll
[1114/122518.687:ERROR:process_memory_win.cc(73)] ReadMemory at 0x7ffa5ba80000 of 64 bytes failed: 仅完成部分的 ReadProcessMemory 或 WriteProcessMemory 请求。 (0x12B)
[1114/122518.687:WARNING:pe_image_reader.cc(340)] could not read dos header from C:\WINDOWS\System32\CRYPT32.dll
[1114/122518.687:ERROR:process_memory_win.cc(73)] ReadMemory at 0x7ffa4e090000 of 64 bytes failed: 仅完成部分的 ReadProcessMemory 或 WriteProcessMemory 请求。 (0x12B)
[1114/122518.687:WARNING:pe_image_reader.cc(340)] could not read dos header from C:\WINDOWS\SYSTEM32\dbghelp.dll
[1114/122518.687:ERROR:process_memory_win.cc(73)] ReadMemory at 0x7ffa59f40000 of 64 bytes failed: 仅完成部分的 ReadProcessMemory 或 WriteProcessMemory 请求。 (0x12B)
[1114/122518.687:WARNING:pe_image_reader.cc(340)] could not read dos header from C:\WINDOWS\SYSTEM32\IPHLPAPI.DLL
[1114/122518.687:ERROR:process_memory_win.cc(73)] ReadMemory at 0x7ffa585b0000 of 64 bytes failed: 仅完成部分的 ReadProcessMemory 或 WriteProcessMemory 请求。 (0x12B)
[1114/122518.687:WARNING:pe_image_reader.cc(340)] could not read dos header from C:\WINDOWS\SYSTEM32\WINMM.dll
[1114/122518.687:ERROR:process_memory_win.cc(73)] ReadMemory at 0x7ffa31190000 of 64 bytes failed: 仅完成部分的 ReadProcessMemory 或 WriteProcessMemory 请求。 (0x12B)
[1114/122518.687:WARNING:pe_image_reader.cc(340)] could not read dos header from C:\WINDOWS\SYSTEM32\UIAutomationCore.DLL
[1114/122518.687:ERROR:process_memory_win.cc(73)] ReadMemory at 0x7ffa490f0000 of 64 bytes failed: 仅完成部分的 ReadProcessMemory 或 WriteProcessMemory 请求。 (0x12B)
[1114/122518.687:WARNING:pe_image_reader.cc(340)] could not read dos header from C:\WINDOWS\SYSTEM32\Secur32.dll
[1114/122518.687:ERROR:process_memory_win.cc(73)] ReadMemory at 0x7ffa5a900000 of 64 bytes failed: 仅完成部分的 ReadProcessMemory 或 WriteProcessMemory 请求。 (0x12B)
[1114/122518.687:WARNING:pe_image_reader.cc(340)] could not read dos header from C:\WINDOWS\SYSTEM32\USERENV.dll
[1114/122518.687:ERROR:process_memory_win.cc(73)] ReadMemory at 0x7ffa5aa80000 of 64 bytes failed: 仅完成部分的 ReadProcessMemory 或 WriteProcessMemory 请求。 (0x12B)
[1114/122518.687:WARNING:pe_image_reader.cc(340)] could not read dos header from C:\WINDOWS\System32\profapi.dll
[1114/122518.688:ERROR:process_memory_win.cc(73)] ReadMemory at 0x7ffa49f30000 of 64 bytes failed: 仅完成部分的 ReadProcessMemory 或 WriteProcessMemory 请求。 (0x12B)
[1114/122518.688:WARNING:pe_image_reader.cc(340)] could not read dos header from C:\WINDOWS\SYSTEM32\DWrite.dll
[1114/122518.688:ERROR:process_memory_win.cc(73)] ReadMemory at 0x7ffa47570000 of 64 bytes failed: 仅完成部分的 ReadProcessMemory 或 WriteProcessMemory 请求。 (0x12B)
[1114/122518.688:WARNING:pe_image_reader.cc(340)] could not read dos header from C:\WINDOWS\SYSTEM32\WINSPOOL.DRV
[1114/122518.688:ERROR:process_memory_win.cc(73)] ReadMemory at 0x7ffa5a9f0000 of 64 bytes failed: 仅完成部分的 ReadProcessMemory 或 WriteProcessMemory 请求。 (0x12B)
[1114/122518.688:WARNING:pe_image_reader.cc(340)] could not read dos header from C:\WINDOWS\System32\kernel.appcore.dll
[1114/122518.688:ERROR:process_memory_win.cc(73)] ReadMemory at 0x7ffa5b4d0000 of 64 bytes failed: 仅完成部分的 ReadProcessMemory 或 WriteProcessMemory 请求。 (0x12B)
[1114/122518.688:WARNING:pe_image_reader.cc(340)] could not read dos header from C:\WINDOWS\System32\bcrypt.dll
[1114/122518.688:ERROR:process_memory_win.cc(73)] ReadMemory at 0x7ffa50e50000 of 64 bytes failed: 仅完成部分的 ReadProcessMemory 或 WriteProcessMemory 请求。 (0x12B)
[1114/122518.688:WARNING:pe_image_reader.cc(340)] could not read dos header from C:\WINDOWS\SYSTEM32\WINHTTP.dll
[1114/122518.688:ERROR:process_memory_win.cc(73)] ReadMemory at 0x7ffa53a70000 of 64 bytes failed: 仅完成部分的 ReadProcessMemory 或 WriteProcessMemory 请求。 (0x12B)
[1114/122518.688:WARNING:pe_image_reader.cc(340)] could not read dos header from C:\WINDOWS\SYSTEM32\dhcpcsvc.DLL
[1114/122518.688:ERROR:process_memory_win.cc(73)] ReadMemory at 0x7ffa5be30000 of 64 bytes failed: 仅完成部分的 ReadProcessMemory 或 WriteProcessMemory 请求。 (0x12B)
[1114/122518.688:WARNING:pe_image_reader.cc(340)] could not read dos header from C:\WINDOWS\System32\NSI.dll
[1114/122518.688:ERROR:process_memory_win.cc(73)] ReadMemory at 0x7ffa584a0000 of 64 bytes failed: 仅完成部分的 ReadProcessMemory 或 WriteProcessMemory 请求。 (0x12B)
[1114/122518.688:WARNING:pe_image_reader.cc(340)] could not read dos header from C:\WINDOWS\SYSTEM32\WINMMBASE.dll
[1114/122518.688:ERROR:process_memory_win.cc(73)] ReadMemory at 0x7ffa5b420000 of 64 bytes failed: 仅完成部分的 ReadProcessMemory 或 WriteProcessMemory 请求。 (0x12B)
[1114/122518.688:WARNING:pe_image_reader.cc(340)] could not read dos header from C:\WINDOWS\System32\cfgmgr32.dll
[1114/122518.688:ERROR:process_memory_win.cc(73)] ReadMemory at 0x7ffa57370000 of 64 bytes failed: 仅完成部分的 ReadProcessMemory 或 WriteProcessMemory 请求。 (0x12B)
[1114/122518.688:WARNING:pe_image_reader.cc(340)] could not read dos header from C:\WINDOWS\SYSTEM32\PROPSYS.dll
[1114/122518.689:ERROR:process_memory_win.cc(73)] ReadMemory at 0x7ffa5cf20000 of 64 bytes failed: 仅完成部分的 ReadProcessMemory 或 WriteProcessMemory 请求。 (0x12B)
[1114/122518.689:WARNING:pe_image_reader.cc(340)] could not read dos header from C:\WINDOWS\System32\shcore.dll
[1114/122518.689:ERROR:process_memory_win.cc(73)] ReadMemory at 0x7ffa5a8c0000 of 64 bytes failed: 仅完成部分的 ReadProcessMemory 或 WriteProcessMemory 请求。 (0x12B)
[1114/122518.689:WARNING:pe_image_reader.cc(340)] could not read dos header from C:\WINDOWS\SYSTEM32\SSPICLI.DLL
[1114/122518.689:ERROR:process_memory_win.cc(73)] ReadMemory at 0x7ffa5c6b0000 of 64 bytes failed: 仅完成部分的 ReadProcessMemory 或 WriteProcessMemory 请求。 (0x12B)
[1114/122518.689:WARNING:pe_image_reader.cc(340)] could not read dos header from C:\WINDOWS\System32\SHELL32.dll
[1114/122518.689:ERROR:process_memory_win.cc(73)] ReadMemory at 0x7ffa5aab0000 of 64 bytes failed: 仅完成部分的 ReadProcessMemory 或 WriteProcessMemory 请求。 (0x12B)
[1114/122518.689:WARNING:pe_image_reader.cc(340)] could not read dos header from C:\WINDOWS\System32\windows.storage.dll
[1114/122518.689:ERROR:process_memory_win.cc(73)] ReadMemory at 0x7ffa5aa10000 of 64 bytes failed: 仅完成部分的 ReadProcessMemory 或 WriteProcessMemory 请求。 (0x12B)
[1114/122518.689:WARNING:pe_image_reader.cc(340)] could not read dos header from C:\WINDOWS\System32\powrprof.dll
[1114/122518.689:ERROR:process_memory_win.cc(73)] ReadMemory at 0x7ffa5a9e0000 of 64 bytes failed: 仅完成部分的 ReadProcessMemory 或 WriteProcessMemory 请求。 (0x12B)
[1114/122518.689:WARNING:pe_image_reader.cc(340)] could not read dos header from C:\WINDOWS\System32\UMPDC.dll
[1114/122518.689:ERROR:process_memory_win.cc(73)] ReadMemory at 0x7ffa5da80000 of 64 bytes failed: 仅完成部分的 ReadProcessMemory 或 WriteProcessMemory 请求。 (0x12B)
[1114/122518.689:WARNING:pe_image_reader.cc(340)] could not read dos header from C:\WINDOWS\System32\shlwapi.dll
[1114/122518.689:ERROR:process_memory_win.cc(73)] ReadMemory at 0x7ffa5d980000 of 64 bytes failed: 仅完成部分的 ReadProcessMemory 或 WriteProcessMemory 请求。 (0x12B)
[1114/122518.689:WARNING:pe_image_reader.cc(340)] could not read dos header from C:\WINDOWS\System32\GDI32.dll
[1114/122518.689:ERROR:process_memory_win.cc(73)] ReadMemory at 0x7ffa5ba50000 of 64 bytes failed: 仅完成部分的 ReadProcessMemory 或 WriteProcessMemory 请求。 (0x12B)
[1114/122518.689:WARNING:pe_image_reader.cc(340)] could not read dos header from C:\WINDOWS\System32\win32u.dll
[1114/122518.689:ERROR:process_memory_win.cc(73)] ReadMemory at 0x7ffa5b7b0000 of 64 bytes failed: 仅完成部分的 ReadProcessMemory 或 WriteProcessMemory 请求。 (0x12B)
[1114/122518.689:WARNING:pe_image_reader.cc(340)] could not read dos header from C:\WINDOWS\System32\gdi32full.dll
[1114/122518.689:ERROR:process_memory_win.cc(73)] ReadMemory at 0x18e39e20000 of 64 bytes failed: 仅完成部分的 ReadProcessMemory 或 WriteProcessMemory 请求。 (0x12B)
[1114/122518.689:WARNING:pe_image_reader.cc(340)] could not read dos header from C:\WINDOWS\System32\USER32.dll
[1114/122518.689:ERROR:process_memory_win.cc(73)] ReadMemory at 0x7ffa5b2e0000 of 64 bytes failed: 仅完成部分的 ReadProcessMemory 或 WriteProcessMemory 请求。 (0x12B)
[1114/122518.689:WARNING:pe_image_reader.cc(340)] could not read dos header from C:\WINDOWS\System32\cryptsp.dll
[1114/122518.689:ERROR:process_memory_win.cc(73)] ReadMemory at 0x7ffa5cef0000 of 64 bytes failed: 仅完成部分的 ReadProcessMemory 或 WriteProcessMemory 请求。 (0x12B)
[1114/122518.689:WARNING:pe_image_reader.cc(340)] could not read dos header from C:\WINDOWS\System32\IMM32.DLL
[1114/122518.689:ERROR:process_memory_win.cc(73)] ReadMemory at 0x7ffa5a400000 of 64 bytes failed: 仅完成部分的 ReadProcessMemory 或 WriteProcessMemory 请求。 (0x12B)
[1114/122518.689:WARNING:pe_image_reader.cc(340)] could not read dos header from C:\WINDOWS\SYSTEM32\CRYPTBASE.DLL
[1114/122518.690:ERROR:process_memory_win.cc(73)] ReadMemory at 0x7ff726bf0000 of 64 bytes failed: 仅完成部分的 ReadProcessMemory 或 WriteProcessMemory 请求。 (0x12B)
[1114/122518.690:WARNING:pe_image_reader.cc(340)] could not read dos header from C:\Program Files (x86)\Google\Chrome\Application\chrome.exe
[1114/122518.690:ERROR:process_memory_win.cc(73)] ReadMemory at 0x7ffa5db20000 of 64 bytes failed: 仅完成部分的 ReadProcessMemory 或 WriteProcessMemory 请求。 (0x12B)
[1114/122518.690:WARNING:pe_image_reader.cc(340)] could not read dos header from C:\WINDOWS\SYSTEM32\ntdll.dll
[1114/122518.690:ERROR:process_memory_win.cc(73)] ReadMemory at 0x7ffa5bbd0000 of 64 bytes failed: 仅完成部分的 ReadProcessMemory 或 WriteProcessMemory 请求。 (0x12B)
[1114/122518.690:WARNING:pe_image_reader.cc(340)] could not read dos header from C:\WINDOWS\System32\KERNEL32.DLL
[1114/122518.690:ERROR:process_memory_win.cc(73)] ReadMemory at 0x7ffa5b500000 of 64 bytes failed: 仅完成部分的 ReadProcessMemory 或 WriteProcessMemory 请求。 (0x12B)
[1114/122518.690:WARNING:pe_image_reader.cc(340)] could not read dos header from C:\WINDOWS\System32\KERNELBASE.dll
[1114/122518.690:ERROR:process_memory_win.cc(73)] ReadMemory at 0x7ffa1d0d0000 of 64 bytes failed: 仅完成部分的 ReadProcessMemory 或 WriteProcessMemory 请求。 (0x12B)
[1114/122518.690:WARNING:pe_image_reader.cc(340)] could not read dos header from C:\Program Files (x86)\Google\Chrome\Application\86.0.4240.193\chrome_elf.dll
[1114/122518.690:ERROR:process_memory_win.cc(73)] ReadMemory at 0x7ffa55a60000 of 64 bytes failed: 仅完成部分的 ReadProcessMemory 或 WriteProcessMemory 请求。 (0x12B)
[1114/122518.690:WARNING:pe_image_reader.cc(340)] could not read dos header from C:\WINDOWS\SYSTEM32\VERSION.dll
[1114/122518.690:ERROR:process_memory_win.cc(73)] ReadMemory at 0x7ffa5ce50000 of 64 bytes failed: 仅完成部分的 ReadProcessMemory 或 WriteProcessMemory 请求。 (0x12B)
[1114/122518.690:WARNING:pe_image_reader.cc(340)] could not read dos header from C:\WINDOWS\System32\msvcrt.dll
[1114/122518.690:ERROR:process_memory_win.cc(73)] ReadMemory at 0x7ffa5b300000 of 64 bytes failed: 仅完成部分的 ReadProcessMemory 或 WriteProcessMemory 请求。 (0x12B)
[1114/122518.690:WARNING:pe_image_reader.cc(340)] could not read dos header from C:\WINDOWS\System32\bcryptPrimitives.dll
[1114/122518.690:ERROR:process_memory_win.cc(73)] ReadMemory at 0x7ffa5d5c0000 of 64 bytes failed: 仅完成部分的 ReadProcessMemory 或 WriteProcessMemory 请求。 (0x12B)
[1114/122518.690:WARNING:pe_image_reader.cc(340)] could not read dos header from C:\WINDOWS\System32\ADVAPI32.dll
[1114/122518.690:ERROR:process_memory_win.cc(73)] ReadMemory at 0x7ffa5cda0000 of 64 bytes failed: 仅完成部分的 ReadProcessMemory 或 WriteProcessMemory 请求。 (0x12B)
[1114/122518.690:WARNING:pe_image_reader.cc(340)] could not read dos header from C:\WINDOWS\System32\sechost.dll
[1114/122518.690:ERROR:process_memory_win.cc(73)] ReadMemory at 0x7ffa5d860000 of 64 bytes failed: 仅完成部分的 ReadProcessMemory 或 WriteProcessMemory 请求。 (0x12B)
[1114/122518.690:WARNING:pe_image_reader.cc(340)] could not read dos header from C:\WINDOWS\System32\RPCRT4.dll
[1114/122518.690:ERROR:process_memory_win.cc(73)] ReadMemory at 0x7ffa06d60000 of 64 bytes failed: 仅完成部分的 ReadProcessMemory 或 WriteProcessMemory 请求。 (0x12B)
[1114/122518.690:WARNING:pe_image_reader.cc(340)] could not read dos header from C:\Program Files (x86)\Google\Chrome\Application\86.0.4240.193\chrome.dll
[1114/122518.690:ERROR:process_memory_win.cc(73)] ReadMemory at 0x7ffa5d670000 of 64 bytes failed: 仅完成部分的 ReadProcessMemory 或 WriteProcessMemory 请求。 (0x12B)
[1114/122518.690:WARNING:pe_image_reader.cc(340)] could not read dos header from C:\WINDOWS\System32\WS2_32.dll
[1114/122518.690:ERROR:process_memory_win.cc(73)] ReadMemory at 0x7ffa5d790000 of 64 bytes failed: 仅完成部分的 ReadProcessMemory 或 WriteProcessMemory 请求。 (0x12B)
[1114/122518.690:WARNING:pe_image_reader.cc(340)] could not read dos header from C:\WINDOWS\System32\OLEAUT32.dll
[1114/122518.690:ERROR:process_memory_win.cc(73)] ReadMemory at 0x7ffa5b380000 of 64 bytes failed: 仅完成部分的 ReadProcessMemory 或 WriteProcessMemory 请求。 (0x12B)
[1114/122518.691:WARNING:pe_image_reader.cc(340)] could not read dos header from C:\WINDOWS\System32\msvcp_win.dll
[1114/122518.691:ERROR:process_memory_win.cc(73)] ReadMemory at 0x7ffa5b950000 of 64 bytes failed: 仅完成部分的 ReadProcessMemory 或 WriteProcessMemory 请求。 (0x12B)
[1114/122518.691:WARNING:pe_image_reader.cc(340)] could not read dos header from C:\WINDOWS\System32\ucrtbase.dll
[1114/122518.691:ERROR:process_memory_win.cc(73)] ReadMemory at 0x7ffa5d280000 of 64 bytes failed: 仅完成部分的 ReadProcessMemory 或 WriteProcessMemory 请求。 (0x12B)
[1114/122518.691:WARNING:pe_image_reader.cc(340)] could not read dos header from C:\WINDOWS\System32\combase.dll
[1114/122518.691:ERROR:process_memory_win.cc(73)] ReadMemory at 0x7ffa5b470000 of 64 bytes failed: 仅完成部分的 ReadProcessMemory 或 WriteProcessMemory 请求。 (0x12B)
[1114/122518.691:WARNING:pe_image_reader.cc(340)] could not read dos header from C:\WINDOWS\System32\WINTRUST.dll
[1114/122518.691:ERROR:process_memory_win.cc(73)] ReadMemory at 0x7ffa5aa60000 of 64 bytes failed: 仅完成部分的 ReadProcessMemory 或 WriteProcessMemory 请求。 (0x12B)
[1114/122518.691:WARNING:pe_image_reader.cc(340)] could not read dos header from C:\WINDOWS\System32\MSASN1.dll
[1114/122518.691:ERROR:process_memory_win.cc(73)] ReadMemory at 0x7ffa5ba80000 of 64 bytes failed: 仅完成部分的 ReadProcessMemory 或 WriteProcessMemory 请求。 (0x12B)
[1114/122518.691:WARNING:pe_image_reader.cc(340)] could not read dos header from C:\WINDOWS\System32\CRYPT32.dll
[1114/122518.691:ERROR:process_memory_win.cc(73)] ReadMemory at 0x7ffa4e090000 of 64 bytes failed: 仅完成部分的 ReadProcessMemory 或 WriteProcessMemory 请求。 (0x12B)
[1114/122518.691:WARNING:pe_image_reader.cc(340)] could not read dos header from C:\WINDOWS\SYSTEM32\dbghelp.dll
[1114/122518.691:ERROR:process_memory_win.cc(73)] ReadMemory at 0x7ffa59f40000 of 64 bytes failed: 仅完成部分的 ReadProcessMemory 或 WriteProcessMemory 请求。 (0x12B)
[1114/122518.691:WARNING:pe_image_reader.cc(340)] could not read dos header from C:\WINDOWS\SYSTEM32\IPHLPAPI.DLL
[1114/122518.691:ERROR:process_memory_win.cc(73)] ReadMemory at 0x7ffa585b0000 of 64 bytes failed: 仅完成部分的 ReadProcessMemory 或 WriteProcessMemory 请求。 (0x12B)
[1114/122518.691:WARNING:pe_image_reader.cc(340)] could not read dos header from C:\WINDOWS\SYSTEM32\WINMM.dll
[1114/122518.691:ERROR:process_memory_win.cc(73)] ReadMemory at 0x7ffa31190000 of 64 bytes failed: 仅完成部分的 ReadProcessMemory 或 WriteProcessMemory 请求。 (0x12B)
[1114/122518.691:WARNING:pe_image_reader.cc(340)] could not read dos header from C:\WINDOWS\SYSTEM32\UIAutomationCore.DLL
[1114/122518.691:ERROR:process_memory_win.cc(73)] ReadMemory at 0x7ffa490f0000 of 64 bytes failed: 仅完成部分的 ReadProcessMemory 或 WriteProcessMemory 请求。 (0x12B)
[1114/122518.691:WARNING:pe_image_reader.cc(340)] could not read dos header from C:\WINDOWS\SYSTEM32\Secur32.dll
[1114/122518.691:ERROR:process_memory_win.cc(73)] ReadMemory at 0x7ffa5a900000 of 64 bytes failed: 仅完成部分的 ReadProcessMemory 或 WriteProcessMemory 请求。 (0x12B)
[1114/122518.691:WARNING:pe_image_reader.cc(340)] could not read dos header from C:\WINDOWS\SYSTEM32\USERENV.dll
[1114/122518.691:ERROR:process_memory_win.cc(73)] ReadMemory at 0x7ffa5aa80000 of 64 bytes failed: 仅完成部分的 ReadProcessMemory 或 WriteProcessMemory 请求。 (0x12B)
[1114/122518.691:WARNING:pe_image_reader.cc(340)] could not read dos header from C:\WINDOWS\System32\profapi.dll
[1114/122518.691:ERROR:process_memory_win.cc(73)] ReadMemory at 0x7ffa49f30000 of 64 bytes failed: 仅完成部分的 ReadProcessMemory 或 WriteProcessMemory 请求。 (0x12B)
[1114/122518.691:WARNING:pe_image_reader.cc(340)] could not read dos header from C:\WINDOWS\SYSTEM32\DWrite.dll
[1114/122518.691:ERROR:process_memory_win.cc(73)] ReadMemory at 0x7ffa47570000 of 64 bytes failed: 仅完成部分的 ReadProcessMemory 或 WriteProcessMemory 请求。 (0x12B)
[1114/122518.692:WARNING:pe_image_reader.cc(340)] could not read dos header from C:\WINDOWS\SYSTEM32\WINSPOOL.DRV
[1114/122518.692:ERROR:process_memory_win.cc(73)] ReadMemory at 0x7ffa5a9f0000 of 64 bytes failed: 仅完成部分的 ReadProcessMemory 或 WriteProcessMemory 请求。 (0x12B)
[1114/122518.692:WARNING:pe_image_reader.cc(340)] could not read dos header from C:\WINDOWS\System32\kernel.appcore.dll
[1114/122518.692:ERROR:process_memory_win.cc(73)] ReadMemory at 0x7ffa5b4d0000 of 64 bytes failed: 仅完成部分的 ReadProcessMemory 或 WriteProcessMemory 请求。 (0x12B)
[1114/122518.692:WARNING:pe_image_reader.cc(340)] could not read dos header from C:\WINDOWS\System32\bcrypt.dll
[1114/122518.692:ERROR:process_memory_win.cc(73)] ReadMemory at 0x7ffa50e50000 of 64 bytes failed: 仅完成部分的 ReadProcessMemory 或 WriteProcessMemory 请求。 (0x12B)
[1114/122518.692:WARNING:pe_image_reader.cc(340)] could not read dos header from C:\WINDOWS\SYSTEM32\WINHTTP.dll
[1114/122518.692:ERROR:process_memory_win.cc(73)] ReadMemory at 0x7ffa53a70000 of 64 bytes failed: 仅完成部分的 ReadProcessMemory 或 WriteProcessMemory 请求。 (0x12B)
[1114/122518.692:WARNING:pe_image_reader.cc(340)] could not read dos header from C:\WINDOWS\SYSTEM32\dhcpcsvc.DLL
[1114/122518.692:ERROR:process_memory_win.cc(73)] ReadMemory at 0x7ffa5be30000 of 64 bytes failed: 仅完成部分的 ReadProcessMemory 或 WriteProcessMemory 请求。 (0x12B)
[1114/122518.692:WARNING:pe_image_reader.cc(340)] could not read dos header from C:\WINDOWS\System32\NSI.dll
[1114/122518.692:ERROR:process_memory_win.cc(73)] ReadMemory at 0x7ffa584a0000 of 64 bytes failed: 仅完成部分的 ReadProcessMemory 或 WriteProcessMemory 请求。 (0x12B)
[1114/122518.692:WARNING:pe_image_reader.cc(340)] could not read dos header from C:\WINDOWS\SYSTEM32\WINMMBASE.dll
[1114/122518.692:ERROR:process_memory_win.cc(73)] ReadMemory at 0x7ffa5b420000 of 64 bytes failed: 仅完成部分的 ReadProcessMemory 或 WriteProcessMemory 请求。 (0x12B)
[1114/122518.692:WARNING:pe_image_reader.cc(340)] could not read dos header from C:\WINDOWS\System32\cfgmgr32.dll
[1114/122518.692:ERROR:process_memory_win.cc(73)] ReadMemory at 0x7ffa57370000 of 64 bytes failed: 仅完成部分的 ReadProcessMemory 或 WriteProcessMemory 请求。 (0x12B)
[1114/122518.692:WARNING:pe_image_reader.cc(340)] could not read dos header from C:\WINDOWS\SYSTEM32\PROPSYS.dll
[1114/122518.692:ERROR:process_memory_win.cc(73)] ReadMemory at 0x7ffa5cf20000 of 64 bytes failed: 仅完成部分的 ReadProcessMemory 或 WriteProcessMemory 请求。 (0x12B)
[1114/122518.692:WARNING:pe_image_reader.cc(340)] could not read dos header from C:\WINDOWS\System32\shcore.dll
[1114/122518.692:ERROR:process_memory_win.cc(73)] ReadMemory at 0x7ffa5a8c0000 of 64 bytes failed: 仅完成部分的 ReadProcessMemory 或 WriteProcessMemory 请求。 (0x12B)
[1114/122518.692:WARNING:pe_image_reader.cc(340)] could not read dos header from C:\WINDOWS\SYSTEM32\SSPICLI.DLL
[1114/122518.692:ERROR:process_memory_win.cc(73)] ReadMemory at 0x7ffa5c6b0000 of 64 bytes failed: 仅完成部分的 ReadProcessMemory 或 WriteProcessMemory 请求。 (0x12B)
[1114/122518.692:WARNING:pe_image_reader.cc(340)] could not read dos header from C:\WINDOWS\System32\SHELL32.dll
[1114/122518.692:ERROR:process_memory_win.cc(73)] ReadMemory at 0x7ffa5aab0000 of 64 bytes failed: 仅完成部分的 ReadProcessMemory 或 WriteProcessMemory 请求。 (0x12B)
[1114/122518.692:WARNING:pe_image_reader.cc(340)] could not read dos header from C:\WINDOWS\System32\windows.storage.dll
[1114/122518.693:ERROR:process_memory_win.cc(73)] ReadMemory at 0x7ffa5aa10000 of 64 bytes failed: 仅完成部分的 ReadProcessMemory 或 WriteProcessMemory 请求。 (0x12B)
[1114/122518.693:WARNING:pe_image_reader.cc(340)] could not read dos header from C:\WINDOWS\System32\powrprof.dll
[1114/122518.693:ERROR:process_memory_win.cc(73)] ReadMemory at 0x7ffa5a9e0000 of 64 bytes failed: 仅完成部分的 ReadProcessMemory 或 WriteProcessMemory 请求。 (0x12B)
[1114/122518.693:WARNING:pe_image_reader.cc(340)] could not read dos header from C:\WINDOWS\System32\UMPDC.dll
[1114/122518.693:ERROR:process_memory_win.cc(73)] ReadMemory at 0x7ffa5da80000 of 64 bytes failed: 仅完成部分的 ReadProcessMemory 或 WriteProcessMemory 请求。 (0x12B)
[1114/122518.693:WARNING:pe_image_reader.cc(340)] could not read dos header from C:\WINDOWS\System32\shlwapi.dll
[1114/122518.693:ERROR:process_memory_win.cc(73)] ReadMemory at 0x7ffa5d980000 of 64 bytes failed: 仅完成部分的 ReadProcessMemory 或 WriteProcessMemory 请求。 (0x12B)
[1114/122518.693:WARNING:pe_image_reader.cc(340)] could not read dos header from C:\WINDOWS\System32\GDI32.dll
[1114/122518.693:ERROR:process_memory_win.cc(73)] ReadMemory at 0x7ffa5ba50000 of 64 bytes failed: 仅完成部分的 ReadProcessMemory 或 WriteProcessMemory 请求。 (0x12B)
[1114/122518.693:WARNING:pe_image_reader.cc(340)] could not read dos header from C:\WINDOWS\System32\win32u.dll
[1114/122518.693:ERROR:process_memory_win.cc(73)] ReadMemory at 0x7ffa5b7b0000 of 64 bytes failed: 仅完成部分的 ReadProcessMemory 或 WriteProcessMemory 请求。 (0x12B)
[1114/122518.693:WARNING:pe_image_reader.cc(340)] could not read dos header from C:\WINDOWS\System32\gdi32full.dll
[1114/122518.693:ERROR:process_memory_win.cc(73)] ReadMemory at 0x18e39e20000 of 64 bytes failed: 仅完成部分的 ReadProcessMemory 或 WriteProcessMemory 请求。 (0x12B)
[1114/122518.693:WARNING:pe_image_reader.cc(340)] could not read dos header from C:\WINDOWS\System32\USER32.dll
[1114/122518.693:ERROR:process_memory_win.cc(73)] ReadMemory at 0x7ffa5b2e0000 of 64 bytes failed: 仅完成部分的 ReadProcessMemory 或 WriteProcessMemory 请求。 (0x12B)
[1114/122518.693:WARNING:pe_image_reader.cc(340)] could not read dos header from C:\WINDOWS\System32\cryptsp.dll
[1114/122518.693:ERROR:process_memory_win.cc(73)] ReadMemory at 0x7ffa5cef0000 of 64 bytes failed: 仅完成部分的 ReadProcessMemory 或 WriteProcessMemory 请求。 (0x12B)
[1114/122518.693:WARNING:pe_image_reader.cc(340)] could not read dos header from C:\WINDOWS\System32\IMM32.DLL
[1114/122518.693:ERROR:process_memory_win.cc(73)] ReadMemory at 0x7ffa5a400000 of 64 bytes failed: 仅完成部分的 ReadProcessMemory 或 WriteProcessMemory 请求。 (0x12B)
[1114/122518.693:WARNING:pe_image_reader.cc(340)] could not read dos header from C:\WINDOWS\SYSTEM32\CRYPTBASE.DLL
[1114/122518.711:ERROR:process_memory_win.cc(73)] ReadMemory at 0x8ccd1ed000 of 77824 bytes failed: 仅完成部分的 ReadProcessMemory 或 WriteProcessMemory 请求。 (0x12B)
[1114/122518.711:ERROR:process_memory_win.cc(73)] ReadMemory at 0x8ccd9fe000 of 8192 bytes failed: 仅完成部分的 ReadProcessMemory 或 WriteProcessMemory 请求。 (0x12B)
[1114/122518.711:ERROR:process_memory_win.cc(73)] ReadMemory at 0x8cce1f8000 of 32768 bytes failed: 仅完成部分的 ReadProcessMemory 或 WriteProcessMemory 请求。 (0x12B)
[1114/122518.711:ERROR:process_memory_win.cc(73)] ReadMemory at 0x8cce9fe000 of 8192 bytes failed: 仅完成部分的 ReadProcessMemory 或 WriteProcessMemory 请求。 (0x12B)
[1114/122518.712:ERROR:process_memory_win.cc(73)] ReadMemory at 0x8ccf1fd000 of 12288 bytes failed: 仅完成部分的 ReadProcessMemory 或 WriteProcessMemory 请求。 (0x12B)
[1114/122518.712:ERROR:process_memory_win.cc(73)] ReadMemory at 0x8ccf9f9000 of 28672 bytes failed: 仅完成部分的 ReadProcessMemory 或 WriteProcessMemory 请求。 (0x12B)
[1114/122518.712:ERROR:process_memory_win.cc(73)] ReadMemory at 0x8cd01fe000 of 8192 bytes failed: 仅完成部分的 ReadProcessMemory 或 WriteProcessMemory 请求。 (0x12B)
[1114/122518.712:ERROR:process_memory_win.cc(73)] ReadMemory at 0x8cd09fe000 of 8192 bytes failed: 仅完成部分的 ReadProcessMemory 或 WriteProcessMemory 请求。 (0x12B)
[1114/122518.712:ERROR:process_memory_win.cc(73)] ReadMemory at 0x8cd11fc000 of 16384 bytes failed: 仅完成部分的 ReadProcessMemory 或 WriteProcessMemory 请求。 (0x12B)
[1114/122518.712:ERROR:process_memory_win.cc(73)] ReadMemory at 0x8cd19fe000 of 8192 bytes failed: 仅完成部分的 ReadProcessMemory 或 WriteProcessMemory 请求。 (0x12B)
[1114/122518.712:ERROR:process_memory_win.cc(73)] ReadMemory at 0x8cd21fb000 of 20480 bytes failed: 仅完成部分的 ReadProcessMemory 或 WriteProcessMemory 请求。 (0x12B)
[1114/122518.712:ERROR:process_memory_win.cc(73)] ReadMemory at 0x8cd29fd000 of 12288 bytes failed: 仅完成部分的 ReadProcessMemory 或 WriteProcessMemory 请求。 (0x12B)
[1114/122518.712:ERROR:process_memory_win.cc(73)] ReadMemory at 0x8cd31fe000 of 8192 bytes failed: 仅完成部分的 ReadProcessMemory 或 WriteProcessMemory 请求。 (0x12B)
[1114/122518.712:ERROR:process_memory_win.cc(73)] ReadMemory at 0x8cd39fd000 of 12288 bytes failed: 仅完成部分的 ReadProcessMemory 或 WriteProcessMemory 请求。 (0x12B)
[1114/122518.712:ERROR:process_memory_win.cc(73)] ReadMemory at 0x8cd41fd000 of 12288 bytes failed: 仅完成部分的 ReadProcessMemory 或 WriteProcessMemory 请求。 (0x12B)
[1114/122518.712:ERROR:process_memory_win.cc(73)] ReadMemory at 0x8cd49fe000 of 8192 bytes failed: 仅完成部分的 ReadProcessMemory 或 WriteProcessMemory 请求。 (0x12B)
[1114/122518.713:ERROR:process_memory_win.cc(73)] ReadMemory at 0x8cd51f8000 of 32768 bytes failed: 仅完成部分的 ReadProcessMemory 或 WriteProcessMemory 请求。 (0x12B)
[1114/122518.713:ERROR:process_memory_win.cc(73)] ReadMemory at 0x8cd59fe000 of 8192 bytes failed: 仅完成部分的 ReadProcessMemory 或 WriteProcessMemory 请求。 (0x12B)
[1114/122518.713:ERROR:process_memory_win.cc(73)] ReadMemory at 0x8cd61fb000 of 20480 bytes failed: 仅完成部分的 ReadProcessMemory 或 WriteProcessMemory 请求。 (0x12B)
[1114/122518.713:ERROR:process_memory_win.cc(73)] ReadMemory at 0x8cd69f9000 of 28672 bytes failed: 仅完成部分的 ReadProcessMemory 或 WriteProcessMemory 请求。 (0x12B)
[1114/122518.713:ERROR:process_memory_win.cc(73)] ReadMemory at 0x8cd71fe000 of 8192 bytes failed: 仅完成部分的 ReadProcessMemory 或 WriteProcessMemory 请求。 (0x12B)
[1114/122518.713:ERROR:process_memory_win.cc(73)] ReadMemory at 0x8cd79fe000 of 8192 bytes failed: 仅完成部分的 ReadProcessMemory 或 WriteProcessMemory 请求。 (0x12B)
[1114/122518.713:ERROR:process_memory_win.cc(73)] ReadMemory at 0x8cd81f9000 of 28672 bytes failed: 仅完成部分的 ReadProcessMemory 或 WriteProcessMemory 请求。 (0x12B)
[1114/122518.713:ERROR:process_memory_win.cc(73)] ReadMemory at 0x8cd89fd000 of 12288 bytes failed: 仅完成部分的 ReadProcessMemory 或 WriteProcessMemory 请求。 (0x12B)
[1114/122518.713:ERROR:process_memory_win.cc(73)] ReadMemory at 0x8ccc9af000 of 852 bytes failed: 仅完成部分的 ReadProcessMemory 或 WriteProcessMemory 请求。 (0x12B)
[1114/122518.713:ERROR:process_memory_win.cc(73)] ReadMemory at 0x8ccc9b0000 of 6024 bytes failed: 仅完成部分的 ReadProcessMemory 或 WriteProcessMemory 请求。 (0x12B)
[1114/122518.713:ERROR:process_memory_win.cc(73)] ReadMemory at 0x8ccc9b2000 of 6024 bytes failed: 仅完成部分的 ReadProcessMemory 或 WriteProcessMemory 请求。 (0x12B)
[1114/122518.714:ERROR:process_memory_win.cc(73)] ReadMemory at 0x8ccc9b4000 of 6024 bytes failed: 仅完成部分的 ReadProcessMemory 或 WriteProcessMemory 请求。 (0x12B)
[1114/122518.714:ERROR:process_memory_win.cc(73)] ReadMemory at 0x8ccc9b6000 of 6024 bytes failed: 仅完成部分的 ReadProcessMemory 或 WriteProcessMemory 请求。 (0x12B)
[1114/122518.714:ERROR:process_memory_win.cc(73)] ReadMemory at 0x8ccc9b8000 of 6024 bytes failed: 仅完成部分的 ReadProcessMemory 或 WriteProcessMemory 请求。 (0x12B)
[1114/122518.714:ERROR:process_memory_win.cc(73)] ReadMemory at 0x8ccc9ba000 of 6024 bytes failed: 仅完成部分的 ReadProcessMemory 或 WriteProcessMemory 请求。 (0x12B)
[1114/122518.714:ERROR:process_memory_win.cc(73)] ReadMemory at 0x8ccc9bc000 of 6024 bytes failed: 仅完成部分的 ReadProcessMemory 或 WriteProcessMemory 请求。 (0x12B)
[1114/122518.714:ERROR:process_memory_win.cc(73)] ReadMemory at 0x8ccc9be000 of 6024 bytes failed: 仅完成部分的 ReadProcessMemory 或 WriteProcessMemory 请求。 (0x12B)
[1114/122518.714:ERROR:process_memory_win.cc(73)] ReadMemory at 0x8ccc9c0000 of 6024 bytes failed: 仅完成部分的 ReadProcessMemory 或 WriteProcessMemory 请求。 (0x12B)
[1114/122518.714:ERROR:process_memory_win.cc(73)] ReadMemory at 0x8ccc9c2000 of 6024 bytes failed: 仅完成部分的 ReadProcessMemory 或 WriteProcessMemory 请求。 (0x12B)
[1114/122518.714:ERROR:process_memory_win.cc(73)] ReadMemory at 0x8ccc9c4000 of 6024 bytes failed: 仅完成部分的 ReadProcessMemory 或 WriteProcessMemory 请求。 (0x12B)
[1114/122518.714:ERROR:process_memory_win.cc(73)] ReadMemory at 0x8ccc9c6000 of 6024 bytes failed: 仅完成部分的 ReadProcessMemory 或 WriteProcessMemory 请求。 (0x12B)
[1114/122518.715:ERROR:process_memory_win.cc(73)] ReadMemory at 0x8ccc9c8000 of 6024 bytes failed: 仅完成部分的 ReadProcessMemory 或 WriteProcessMemory 请求。 (0x12B)
[1114/122518.715:ERROR:process_memory_win.cc(73)] ReadMemory at 0x8ccc9ca000 of 6024 bytes failed: 仅完成部分的 ReadProcessMemory 或 WriteProcessMemory 请求。 (0x12B)
[1114/122518.715:ERROR:process_memory_win.cc(73)] ReadMemory at 0x8ccc9cc000 of 6024 bytes failed: 仅完成部分的 ReadProcessMemory 或 WriteProcessMemory 请求。 (0x12B)
[1114/122518.715:ERROR:process_memory_win.cc(73)] ReadMemory at 0x8ccc9ce000 of 6024 bytes failed: 仅完成部分的 ReadProcessMemory 或 WriteProcessMemory 请求。 (0x12B)
[1114/122518.715:ERROR:process_memory_win.cc(73)] ReadMemory at 0x8ccc9d0000 of 6024 bytes failed: 仅完成部分的 ReadProcessMemory 或 WriteProcessMemory 请求。 (0x12B)
[1114/122518.715:ERROR:process_memory_win.cc(73)] ReadMemory at 0x8ccc9d2000 of 6024 bytes failed: 仅完成部分的 ReadProcessMemory 或 WriteProcessMemory 请求。 (0x12B)
[1114/122518.715:ERROR:process_memory_win.cc(73)] ReadMemory at 0x8ccc9d4000 of 6024 bytes failed: 仅完成部分的 ReadProcessMemory 或 WriteProcessMemory 请求。 (0x12B)
[1114/122518.715:ERROR:process_memory_win.cc(73)] ReadMemory at 0x8ccc9d6000 of 6024 bytes failed: 仅完成部分的 ReadProcessMemory 或 WriteProcessMemory 请求。 (0x12B)
[1114/122518.715:ERROR:process_memory_win.cc(73)] ReadMemory at 0x8ccc9d8000 of 6024 bytes failed: 仅完成部分的 ReadProcessMemory 或 WriteProcessMemory 请求。 (0x12B)
[1114/122518.715:ERROR:process_memory_win.cc(73)] ReadMemory at 0x8ccc9da000 of 6024 bytes failed: 仅完成部分的 ReadProcessMemory 或 WriteProcessMemory 请求。 (0x12B)
[1114/122518.715:ERROR:process_memory_win.cc(73)] ReadMemory at 0x8ccc9dc000 of 6024 bytes failed: 仅完成部分的 ReadProcessMemory 或 WriteProcessMemory 请求。 (0x12B)
[1114/122518.716:ERROR:process_memory_win.cc(73)] ReadMemory at 0x8ccc9de000 of 6024 bytes failed: 仅完成部分的 ReadProcessMemory 或 WriteProcessMemory 请求。 (0x12B)
[1114/122518.716:ERROR:process_memory_win.cc(73)] ReadMemory at 0x18e38520000 of 720 bytes failed: 仅完成部分的 ReadProcessMemory 或 WriteProcessMemory 请求。 (0x12B)
[1114/122518.716:ERROR:process_memory_win.cc(73)] ReadMemory at 0x18e38520fe0 of 6234 bytes failed: 仅完成部分的 ReadProcessMemory 或 WriteProcessMemory 请求。 (0x12B)
[1114/122518.716:ERROR:process_memory_win.cc(73)] ReadMemory at 0x18e38522850 of 1012 bytes failed: 仅完成部分的 ReadProcessMemory 或 WriteProcessMemory 请求。 (0x12B)
[1114/122518.716:ERROR:process_memory_win.cc(73)] ReadMemory at 0x18e38522e98 of 118 bytes failed: 仅完成部分的 ReadProcessMemory 或 WriteProcessMemory 请求。 (0x12B)
[1114/122518.716:ERROR:process_memory_win.cc(73)] ReadMemory at 0x18e38522f10 of 1226 bytes failed: 仅完成部分的 ReadProcessMemory 或 WriteProcessMemory 请求。 (0x12B)
[1114/122518.716:ERROR:process_memory_win.cc(73)] ReadMemory at 0x18e385233dc of 118 bytes failed: 仅完成部分的 ReadProcessMemory 或 WriteProcessMemory 请求。 (0x12B)
[1114/122518.716:ERROR:process_memory_win.cc(73)] ReadMemory at 0x18e38523454 of 96 bytes failed: 仅完成部分的 ReadProcessMemory 或 WriteProcessMemory 请求。 (0x12B)
[1114/122518.716:ERROR:process_memory_win.cc(73)] ReadMemory at 0x18e385234c0 of 58 bytes failed: 仅完成部分的 ReadProcessMemory 或 WriteProcessMemory 请求。 (0x12B)
[1114/122518.716:ERROR:process_memory_win.cc(73)] ReadMemory at 0x18e385235c0 of 132 bytes failed: 仅完成部分的 ReadProcessMemory 或 WriteProcessMemory 请求。 (0x12B)
[1114/122518.716:ERROR:process_memory_win.cc(73)] ReadMemory at 0x18e38523750 of 132 bytes failed: 仅完成部分的 ReadProcessMemory 或 WriteProcessMemory 请求。 (0x12B)
[1114/122518.716:ERROR:process_memory_win.cc(73)] ReadMemory at 0x18e38523910 of 126 bytes failed: 仅完成部分的 ReadProcessMemory 或 WriteProcessMemory 请求。 (0x12B)
[1114/122518.716:ERROR:process_memory_win.cc(73)] ReadMemory at 0x18e38523e10 of 132 bytes failed: 仅完成部分的 ReadProcessMemory 或 WriteProcessMemory 请求。 (0x12B)
[1114/122518.716:ERROR:process_memory_win.cc(73)] ReadMemory at 0x18e38523fa0 of 64 bytes failed: 仅完成部分的 ReadProcessMemory 或 WriteProcessMemory 请求。 (0x12B)
[1114/122518.717:ERROR:process_memory_win.cc(73)] ReadMemory at 0x18e38524160 of 132 bytes failed: 仅完成部分的 ReadProcessMemory 或 WriteProcessMemory 请求。 (0x12B)
[1114/122518.717:ERROR:process_memory_win.cc(73)] ReadMemory at 0x18e38524400 of 132 bytes failed: 仅完成部分的 ReadProcessMemory 或 WriteProcessMemory 请求。 (0x12B)
[1114/122518.717:ERROR:process_memory_win.cc(73)] ReadMemory at 0x18e38524590 of 68 bytes failed: 仅完成部分的 ReadProcessMemory 或 WriteProcessMemory 请求。 (0x12B)
[1114/122518.717:ERROR:process_memory_win.cc(73)] ReadMemory at 0x18e385256e0 of 132 bytes failed: 仅完成部分的 ReadProcessMemory 或 WriteProcessMemory 请求。 (0x12B)
[1114/122518.717:ERROR:process_memory_win.cc(73)] ReadMemory at 0x18e38525870 of 154 bytes failed: 仅完成部分的 ReadProcessMemory 或 WriteProcessMemory 请求。 (0x12B)
[1114/122518.717:ERROR:process_memory_win.cc(73)] ReadMemory at 0x18e385278c0 of 62 bytes failed: 仅完成部分的 ReadProcessMemory 或 WriteProcessMemory 请求。 (0x12B)
[1114/122518.717:ERROR:process_memory_win.cc(73)] ReadMemory at 0x18e38527ab0 of 132 bytes failed: 仅完成部分的 ReadProcessMemory 或 WriteProcessMemory 请求。 (0x12B)
[1114/122518.717:ERROR:process_memory_win.cc(73)] ReadMemory at 0x18e38527be0 of 60 bytes failed: 仅完成部分的 ReadProcessMemory 或 WriteProcessMemory 请求。 (0x12B)
[1114/122518.717:ERROR:process_memory_win.cc(73)] ReadMemory at 0x18e3852c490 of 62 bytes failed: 仅完成部分的 ReadProcessMemory 或 WriteProcessMemory 请求。 (0x12B)
[1114/122518.717:ERROR:process_memory_win.cc(73)] ReadMemory at 0x18e3852f640 of 54 bytes failed: 仅完成部分的 ReadProcessMemory 或 WriteProcessMemory 请求。 (0x12B)
[1114/122518.717:ERROR:process_memory_win.cc(73)] ReadMemory at 0x18e38530200 of 80 bytes failed: 仅完成部分的 ReadProcessMemory 或 WriteProcessMemory 请求。 (0x12B)
[1114/122518.717:ERROR:process_memory_win.cc(73)] ReadMemory at 0x18e38534b60 of 132 bytes failed: 仅完成部分的 ReadProcessMemory 或 WriteProcessMemory 请求。 (0x12B)
[1114/122518.717:ERROR:process_memory_win.cc(73)] ReadMemory at 0x18e38535630 of 132 bytes failed: 仅完成部分的 ReadProcessMemory 或 WriteProcessMemory 请求。 (0x12B)
[1114/122518.718:ERROR:process_memory_win.cc(73)] ReadMemory at 0x18e38535760 of 132 bytes failed: 仅完成部分的 ReadProcessMemory 或 WriteProcessMemory 请求。 (0x12B)
[1114/122518.718:ERROR:process_memory_win.cc(73)] ReadMemory at 0x18e38535940 of 132 bytes failed: 仅完成部分的 ReadProcessMemory 或 WriteProcessMemory 请求。 (0x12B)
[1114/122518.718:ERROR:process_memory_win.cc(73)] ReadMemory at 0x18e38535b50 of 132 bytes failed: 仅完成部分的 ReadProcessMemory 或 WriteProcessMemory 请求。 (0x12B)
[1114/122518.718:ERROR:process_memory_win.cc(73)] ReadMemory at 0x18e385387f0 of 132 bytes failed: 仅完成部分的 ReadProcessMemory 或 WriteProcessMemory 请求。 (0x12B)
[1114/122518.718:ERROR:process_memory_win.cc(73)] ReadMemory at 0x18e38538a10 of 132 bytes failed: 仅完成部分的 ReadProcessMemory 或 WriteProcessMemory 请求。 (0x12B)
[1114/122518.718:ERROR:process_memory_win.cc(73)] ReadMemory at 0x18e38538d70 of 132 bytes failed: 仅完成部分的 ReadProcessMemory 或 WriteProcessMemory 请求。 (0x12B)
[1114/122518.718:ERROR:process_memory_win.cc(73)] ReadMemory at 0x18e38539ba0 of 132 bytes failed: 仅完成部分的 ReadProcessMemory 或 WriteProcessMemory 请求。 (0x12B)
[1114/122518.718:ERROR:process_memory_win.cc(73)] ReadMemory at 0x18e3853ab80 of 132 bytes failed: 仅完成部分的 ReadProcessMemory 或 WriteProcessMemory 请求。 (0x12B)
[1114/122518.718:ERROR:process_memory_win.cc(73)] ReadMemory at 0x18e3853b070 of 62 bytes failed: 仅完成部分的 ReadProcessMemory 或 WriteProcessMemory 请求。 (0x12B)
[1114/122518.718:ERROR:process_memory_win.cc(73)] ReadMemory at 0x18e3853b0c0 of 64 bytes failed: 仅完成部分的 ReadProcessMemory 或 WriteProcessMemory 请求。 (0x12B)
[1114/122518.718:ERROR:process_memory_win.cc(73)] ReadMemory at 0x18e3853b110 of 66 bytes failed: 仅完成部分的 ReadProcessMemory 或 WriteProcessMemory 请求。 (0x12B)
[1114/122518.718:ERROR:process_memory_win.cc(73)] ReadMemory at 0x18e3853b1b0 of 64 bytes failed: 仅完成部分的 ReadProcessMemory 或 WriteProcessMemory 请求。 (0x12B)
[1114/122518.718:ERROR:process_memory_win.cc(73)] ReadMemory at 0x18e3853b200 of 62 bytes failed: 仅完成部分的 ReadProcessMemory 或 WriteProcessMemory 请求。 (0x12B)
[1114/122518.719:ERROR:process_memory_win.cc(73)] ReadMemory at 0x18e3853b250 of 62 bytes failed: 仅完成部分的 ReadProcessMemory 或 WriteProcessMemory 请求。 (0x12B)
[1114/122518.719:ERROR:process_memory_win.cc(73)] ReadMemory at 0x18e3853b2a0 of 62 bytes failed: 仅完成部分的 ReadProcessMemory 或 WriteProcessMemory 请求。 (0x12B)
[1114/122518.719:ERROR:process_memory_win.cc(73)] ReadMemory at 0x18e3853b2f0 of 60 bytes failed: 仅完成部分的 ReadProcessMemory 或 WriteProcessMemory 请求。 (0x12B)
[1114/122518.719:ERROR:process_memory_win.cc(73)] ReadMemory at 0x18e3853b390 of 60 bytes failed: 仅完成部分的 ReadProcessMemory 或 WriteProcessMemory 请求。 (0x12B)
[1114/122518.719:ERROR:process_memory_win.cc(73)] ReadMemory at 0x18e3853b3e0 of 60 bytes failed: 仅完成部分的 ReadProcessMemory 或 WriteProcessMemory 请求。 (0x12B)
[1114/122518.719:ERROR:process_memory_win.cc(73)] ReadMemory at 0x18e3853b520 of 64 bytes failed: 仅完成部分的 ReadProcessMemory 或 WriteProcessMemory 请求。 (0x12B)
[1114/122518.719:ERROR:process_memory_win.cc(73)] ReadMemory at 0x18e3853b610 of 58 bytes failed: 仅完成部分的 ReadProcessMemory 或 WriteProcessMemory 请求。 (0x12B)
[1114/122518.719:ERROR:process_memory_win.cc(73)] ReadMemory at 0x18e3853b6b0 of 62 bytes failed: 仅完成部分的 ReadProcessMemory 或 WriteProcessMemory 请求。 (0x12B)
[1114/122518.719:ERROR:process_memory_win.cc(73)] ReadMemory at 0x18e3853b700 of 62 bytes failed: 仅完成部分的 ReadProcessMemory 或 WriteProcessMemory 请求。 (0x12B)
[1114/122518.719:ERROR:process_memory_win.cc(73)] ReadMemory at 0x18e3853b7a0 of 60 bytes failed: 仅完成部分的 ReadProcessMemory 或 WriteProcessMemory 请求。 (0x12B)
[1114/122518.719:ERROR:process_memory_win.cc(73)] ReadMemory at 0x18e3853b7f0 of 62 bytes failed: 仅完成部分的 ReadProcessMemory 或 WriteProcessMemory 请求。 (0x12B)
[1114/122518.719:ERROR:process_memory_win.cc(73)] ReadMemory at 0x18e3853b890 of 60 bytes failed: 仅完成部分的 ReadProcessMemory 或 WriteProcessMemory 请求。 (0x12B)
[1114/122518.719:ERROR:process_memory_win.cc(73)] ReadMemory at 0x18e3853bb10 of 64 bytes failed: 仅完成部分的 ReadProcessMemory 或 WriteProcessMemory 请求。 (0x12B)
[1114/122518.719:ERROR:process_memory_win.cc(73)] ReadMemory at 0x18e3853bbb0 of 64 bytes failed: 仅完成部分的 ReadProcessMemory 或 WriteProcessMemory 请求。 (0x12B)
[1114/122518.720:ERROR:process_memory_win.cc(73)] ReadMemory at 0x18e3853bca0 of 60 bytes failed: 仅完成部分的 ReadProcessMemory 或 WriteProcessMemory 请求。 (0x12B)
[1114/122518.720:ERROR:process_memory_win.cc(73)] ReadMemory at 0x18e3853bcf0 of 66 bytes failed: 仅完成部分的 ReadProcessMemory 或 WriteProcessMemory 请求。 (0x12B)
[1114/122518.720:ERROR:process_memory_win.cc(73)] ReadMemory at 0x18e3853bd40 of 64 bytes failed: 仅完成部分的 ReadProcessMemory 或 WriteProcessMemory 请求。 (0x12B)
[1114/122518.720:ERROR:process_memory_win.cc(73)] ReadMemory at 0x18e3853bd90 of 62 bytes failed: 仅完成部分的 ReadProcessMemory 或 WriteProcessMemory 请求。 (0x12B)
[1114/122518.720:ERROR:process_memory_win.cc(73)] ReadMemory at 0x18e3853be80 of 62 bytes failed: 仅完成部分的 ReadProcessMemory 或 WriteProcessMemory 请求。 (0x12B)
[1114/122518.720:ERROR:process_memory_win.cc(73)] ReadMemory at 0x18e3853bed0 of 64 bytes failed: 仅完成部分的 ReadProcessMemory 或 WriteProcessMemory 请求。 (0x12B)
[1114/122518.720:ERROR:process_memory_win.cc(73)] ReadMemory at 0x18e3853bf70 of 64 bytes failed: 仅完成部分的 ReadProcessMemory 或 WriteProcessMemory 请求。 (0x12B)
[1114/122518.720:ERROR:process_memory_win.cc(73)] ReadMemory at 0x18e3853ca30 of 146 bytes failed: 仅完成部分的 ReadProcessMemory 或 WriteProcessMemory 请求。 (0x12B)
[1114/122518.720:ERROR:process_memory_win.cc(73)] ReadMemory at 0x18e385432d0 of 132 bytes failed: 仅完成部分的 ReadProcessMemory 或 WriteProcessMemory 请求。 (0x12B)
[1114/122518.720:ERROR:process_memory_win.cc(73)] ReadMemory at 0x18e38543400 of 132 bytes failed: 仅完成部分的 ReadProcessMemory 或 WriteProcessMemory 请求。 (0x12B)
[1114/122518.720:ERROR:process_memory_win.cc(73)] ReadMemory at 0x18e38543530 of 132 bytes failed: 仅完成部分的 ReadProcessMemory 或 WriteProcessMemory 请求。 (0x12B)
[1114/122518.720:ERROR:process_memory_win.cc(73)] ReadMemory at 0x18e38543660 of 132 bytes failed: 仅完成部分的 ReadProcessMemory 或 WriteProcessMemory 请求。 (0x12B)
[1114/122518.720:ERROR:process_memory_win.cc(73)] ReadMemory at 0x18e38543790 of 132 bytes failed: 仅完成部分的 ReadProcessMemory 或 WriteProcessMemory 请求。 (0x12B)
[1114/122518.720:ERROR:process_memory_win.cc(73)] ReadMemory at 0x18e385438c0 of 132 bytes failed: 仅完成部分的 ReadProcessMemory 或 WriteProcessMemory 请求。 (0x12B)
[1114/122518.721:ERROR:process_memory_win.cc(73)] ReadMemory at 0x18e385439f0 of 132 bytes failed: 仅完成部分的 ReadProcessMemory 或 WriteProcessMemory 请求。 (0x12B)
[1114/122518.721:ERROR:process_memory_win.cc(73)] ReadMemory at 0x18e38543b20 of 132 bytes failed: 仅完成部分的 ReadProcessMemory 或 WriteProcessMemory 请求。 (0x12B)
[1114/122518.721:ERROR:process_memory_win.cc(73)] ReadMemory at 0x18e38543c50 of 132 bytes failed: 仅完成部分的 ReadProcessMemory 或 WriteProcessMemory 请求。 (0x12B)
[1114/122518.721:ERROR:process_memory_win.cc(73)] ReadMemory at 0x18e38543eb0 of 132 bytes failed: 仅完成部分的 ReadProcessMemory 或 WriteProcessMemory 请求。 (0x12B)
[1114/122518.721:ERROR:process_memory_win.cc(73)] ReadMemory at 0x18e38543fe0 of 132 bytes failed: 仅完成部分的 ReadProcessMemory 或 WriteProcessMemory 请求。 (0x12B)
[1114/122518.721:ERROR:process_memory_win.cc(73)] ReadMemory at 0x18e38544110 of 132 bytes failed: 仅完成部分的 ReadProcessMemory 或 WriteProcessMemory 请求。 (0x12B)
[1114/122518.721:ERROR:process_memory_win.cc(73)] ReadMemory at 0x18e38545860 of 80 bytes failed: 仅完成部分的 ReadProcessMemory 或 WriteProcessMemory 请求。 (0x12B)
[1114/122518.721:ERROR:process_memory_win.cc(73)] ReadMemory at 0x18e38545b00 of 76 bytes failed: 仅完成部分的 ReadProcessMemory 或 WriteProcessMemory 请求。 (0x12B)
[1114/122518.721:ERROR:process_memory_win.cc(73)] ReadMemory at 0x18e38546560 of 132 bytes failed: 仅完成部分的 ReadProcessMemory 或 WriteProcessMemory 请求。 (0x12B)
[1114/122518.721:ERROR:process_memory_win.cc(73)] ReadMemory at 0x18e38546690 of 132 bytes failed: 仅完成部分的 ReadProcessMemory 或 WriteProcessMemory 请求。 (0x12B)
[1114/122518.721:ERROR:process_memory_win.cc(73)] ReadMemory at 0x18e385467c0 of 132 bytes failed: 仅完成部分的 ReadProcessMemory 或 WriteProcessMemory 请求。 (0x12B)
[1114/122518.721:ERROR:process_memory_win.cc(73)] ReadMemory at 0x18e385468f0 of 132 bytes failed: 仅完成部分的 ReadProcessMemory 或 WriteProcessMemory 请求。 (0x12B)
[1114/122518.721:ERROR:process_memory_win.cc(73)] ReadMemory at 0x18e38546a20 of 132 bytes failed: 仅完成部分的 ReadProcessMemory 或 WriteProcessMemory 请求。 (0x12B)
[1114/122518.721:ERROR:process_memory_win.cc(73)] ReadMemory at 0x18e38546b50 of 132 bytes failed: 仅完成部分的 ReadProcessMemory 或 WriteProcessMemory 请求。 (0x12B)
[1114/122518.722:ERROR:process_memory_win.cc(73)] ReadMemory at 0x18e38546c80 of 132 bytes failed: 仅完成部分的 ReadProcessMemory 或 WriteProcessMemory 请求。 (0x12B)
[1114/122518.722:ERROR:process_memory_win.cc(73)] ReadMemory at 0x18e38546db0 of 132 bytes failed: 仅完成部分的 ReadProcessMemory 或 WriteProcessMemory 请求。 (0x12B)
[1114/122518.722:ERROR:process_memory_win.cc(73)] ReadMemory at 0x18e38546ee0 of 132 bytes failed: 仅完成部分的 ReadProcessMemory 或 WriteProcessMemory 请求。 (0x12B)
[1114/122518.722:ERROR:process_memory_win.cc(73)] ReadMemory at 0x18e38547270 of 132 bytes failed: 仅完成部分的 ReadProcessMemory 或 WriteProcessMemory 请求。 (0x12B)
[1114/122518.722:ERROR:process_memory_win.cc(73)] ReadMemory at 0x18e385473a0 of 132 bytes failed: 仅完成部分的 ReadProcessMemory 或 WriteProcessMemory 请求。 (0x12B)
[1114/122518.722:ERROR:process_memory_win.cc(73)] ReadMemory at 0x18e38547600 of 132 bytes failed: 仅完成部分的 ReadProcessMemory 或 WriteProcessMemory 请求。 (0x12B)
[1114/122518.722:ERROR:process_memory_win.cc(73)] ReadMemory at 0x18e38547860 of 132 bytes failed: 仅完成部分的 ReadProcessMemory 或 WriteProcessMemory 请求。 (0x12B)
[1114/122518.722:ERROR:process_memory_win.cc(73)] ReadMemory at 0x18e38547990 of 132 bytes failed: 仅完成部分的 ReadProcessMemory 或 WriteProcessMemory 请求。 (0x12B)
[1114/122518.722:ERROR:process_memory_win.cc(73)] ReadMemory at 0x18e38547ac0 of 132 bytes failed: 仅完成部分的 ReadProcessMemory 或 WriteProcessMemory 请求。 (0x12B)
[1114/122518.722:ERROR:process_memory_win.cc(73)] ReadMemory at 0x18e38547d20 of 132 bytes failed: 仅完成部分的 ReadProcessMemory 或 WriteProcessMemory 请求。 (0x12B)
[1114/122518.722:ERROR:process_memory_win.cc(73)] ReadMemory at 0x18e38547e50 of 132 bytes failed: 仅完成部分的 ReadProcessMemory 或 WriteProcessMemory 请求。 (0x12B)
[1114/122518.722:ERROR:process_memory_win.cc(73)] ReadMemory at 0x18e38547f80 of 132 bytes failed: 仅完成部分的 ReadProcessMemory 或 WriteProcessMemory 请求。 (0x12B)
[1114/122518.722:ERROR:process_memory_win.cc(73)] ReadMemory at 0x18e385480b0 of 132 bytes failed: 仅完成部分的 ReadProcessMemory 或 WriteProcessMemory 请求。 (0x12B)
[1114/122518.722:ERROR:process_memory_win.cc(73)] ReadMemory at 0x18e385481e0 of 132 bytes failed: 仅完成部分的 ReadProcessMemory 或 WriteProcessMemory 请求。 (0x12B)
[1114/122518.723:ERROR:process_memory_win.cc(73)] ReadMemory at 0x18e38548310 of 132 bytes failed: 仅完成部分的 ReadProcessMemory 或 WriteProcessMemory 请求。 (0x12B)
[1114/122518.723:ERROR:process_memory_win.cc(73)] ReadMemory at 0x18e385600a0 of 78 bytes failed: 仅完成部分的 ReadProcessMemory 或 WriteProcessMemory 请求。 (0x12B)
[1114/122518.723:ERROR:process_memory_win.cc(73)] ReadMemory at 0x18e38569b00 of 62 bytes failed: 仅完成部分的 ReadProcessMemory 或 WriteProcessMemory 请求。 (0x12B)
[1114/122518.723:ERROR:process_memory_win.cc(73)] ReadMemory at 0x18e38569ba0 of 60 bytes failed: 仅完成部分的 ReadProcessMemory 或 WriteProcessMemory 请求。 (0x12B)
[1114/122518.723:ERROR:process_memory_win.cc(73)] ReadMemory at 0x18e38569d80 of 62 bytes failed: 仅完成部分的 ReadProcessMemory 或 WriteProcessMemory 请求。 (0x12B)
[1114/122518.723:ERROR:process_memory_win.cc(73)] ReadMemory at 0x18e3856a000 of 62 bytes failed: 仅完成部分的 ReadProcessMemory 或 WriteProcessMemory 请求。 (0x12B)
[1114/122518.723:ERROR:process_memory_win.cc(73)] ReadMemory at 0x18e3856a1e0 of 60 bytes failed: 仅完成部分的 ReadProcessMemory 或 WriteProcessMemory 请求。 (0x12B)
[1114/122518.723:ERROR:process_memory_win.cc(73)] ReadMemory at 0x18e3856a280 of 66 bytes failed: 仅完成部分的 ReadProcessMemory 或 WriteProcessMemory 请求。 (0x12B)
[1114/122518.723:ERROR:process_memory_win.cc(73)] ReadMemory at 0x18e3856a410 of 58 bytes failed: 仅完成部分的 ReadProcessMemory 或 WriteProcessMemory 请求。 (0x12B)
[1114/122518.723:ERROR:process_memory_win.cc(73)] ReadMemory at 0x18e3856a460 of 64 bytes failed: 仅完成部分的 ReadProcessMemory 或 WriteProcessMemory 请求。 (0x12B)
[1114/122518.723:ERROR:process_memory_win.cc(73)] ReadMemory at 0x18e3856a500 of 58 bytes failed: 仅完成部分的 ReadProcessMemory 或 WriteProcessMemory 请求。 (0x12B)
[1114/122518.723:ERROR:process_memory_win.cc(73)] ReadMemory at 0x18e3856a690 of 58 bytes failed: 仅完成部分的 ReadProcessMemory 或 WriteProcessMemory 请求。 (0x12B)
[1114/122518.723:ERROR:process_memory_win.cc(73)] ReadMemory at 0x18e3857ee80 of 512 bytes failed: 仅完成部分的 ReadProcessMemory 或 WriteProcessMemory 请求。 (0x12B)
[1114/122518.724:ERROR:process_memory_win.cc(73)] ReadMemory at 0x18e38594bb0 of 896 bytes failed: 仅完成部分的 ReadProcessMemory 或 WriteProcessMemory 请求。 (0x12B)
[1114/122518.724:ERROR:process_memory_win.cc(73)] ReadMemory at 0x18e38595c30 of 512 bytes failed: 仅完成部分的 ReadProcessMemory 或 WriteProcessMemory 请求。 (0x12B)
[1114/122518.724:ERROR:process_memory_win.cc(73)] ReadMemory at 0x18e385a2856 of 636 bytes failed: 仅完成部分的 ReadProcessMemory 或 WriteProcessMemory 请求。 (0x12B)
[1114/122518.724:ERROR:process_memory_win.cc(73)] ReadMemory at 0x18e385a2ed0 of 512 bytes failed: 仅完成部分的 ReadProcessMemory 或 WriteProcessMemory 请求。 (0x12B)
[1114/122518.724:ERROR:process_memory_win.cc(73)] ReadMemory at 0x18e385a73d0 of 512 bytes failed: 仅完成部分的 ReadProcessMemory 或 WriteProcessMemory 请求。 (0x12B)
[1114/122518.724:ERROR:process_memory_win.cc(73)] ReadMemory at 0x18e385b3a90 of 712 bytes failed: 仅完成部分的 ReadProcessMemory 或 WriteProcessMemory 请求。 (0x12B)
[1114/122518.724:ERROR:process_memory_win.cc(73)] ReadMemory at 0x18e385c30e0 of 512 bytes failed: 仅完成部分的 ReadProcessMemory 或 WriteProcessMemory 请求。 (0x12B)
[1114/122518.724:ERROR:process_memory_win.cc(73)] ReadMemory at 0x18e385c54c0 of 512 bytes failed: 仅完成部分的 ReadProcessMemory 或 WriteProcessMemory 请求。 (0x12B)
[1114/122518.724:ERROR:process_memory_win.cc(73)] ReadMemory at 0x18e385e9e68 of 512 bytes failed: 仅完成部分的 ReadProcessMemory 或 WriteProcessMemory 请求。 (0x12B)
[1114/122518.724:ERROR:process_memory_win.cc(73)] ReadMemory at 0x18e385eabe8 of 656 bytes failed: 仅完成部分的 ReadProcessMemory 或 WriteProcessMemory 请求。 (0x12B)
[1114/122518.724:ERROR:process_memory_win.cc(73)] ReadMemory at 0x18e385eb4e8 of 512 bytes failed: 仅完成部分的 ReadProcessMemory 或 WriteProcessMemory 请求。 (0x12B)
[1114/122518.724:ERROR:process_memory_win.cc(73)] ReadMemory at 0x18e385f09f0 of 640 bytes failed: 仅完成部分的 ReadProcessMemory 或 WriteProcessMemory 请求。 (0x12B)
[1114/122518.724:ERROR:process_memory_win.cc(73)] ReadMemory at 0x18e386c2d40 of 512 bytes failed: 仅完成部分的 ReadProcessMemory 或 WriteProcessMemory 请求。 (0x12B)
[1114/122518.725:ERROR:process_memory_win.cc(73)] ReadMemory at 0x18e386c5740 of 512 bytes failed: 仅完成部分的 ReadProcessMemory 或 WriteProcessMemory 请求。 (0x12B)
[1114/122518.725:ERROR:process_memory_win.cc(73)] ReadMemory at 0x18e3a2d5100 of 512 bytes failed: 仅完成部分的 ReadProcessMemory 或 WriteProcessMemory 请求。 (0x12B)
[1114/122518.725:ERROR:process_memory_win.cc(73)] ReadMemory at 0x18e3a2ea520 of 512 bytes failed: 仅完成部分的 ReadProcessMemory 或 WriteProcessMemory 请求。 (0x12B)
[1114/122518.725:ERROR:process_memory_win.cc(73)] ReadMemory at 0x18e3a37a6a6 of 704 bytes failed: 仅完成部分的 ReadProcessMemory 或 WriteProcessMemory 请求。 (0x12B)
[1114/122518.725:ERROR:process_memory_win.cc(73)] ReadMemory at 0x18e3a664a40 of 512 bytes failed: 仅完成部分的 ReadProcessMemory 或 WriteProcessMemory 请求。 (0x12B)
[1114/122518.725:ERROR:process_memory_win.cc(73)] ReadMemory at 0x18e3a6651c0 of 640 bytes failed: 仅完成部分的 ReadProcessMemory 或 WriteProcessMemory 请求。 (0x12B)
[1114/122518.725:ERROR:process_memory_win.cc(73)] ReadMemory at 0x18e3a688a90 of 512 bytes failed: 仅完成部分的 ReadProcessMemory 或 WriteProcessMemory 请求。 (0x12B)
[1114/122518.725:ERROR:process_memory_win.cc(73)] ReadMemory at 0x18e3a6f75c0 of 512 bytes failed: 仅完成部分的 ReadProcessMemory 或 WriteProcessMemory 请求。 (0x12B)
[1114/122518.725:ERROR:process_memory_win.cc(73)] ReadMemory at 0x18e3a6ff0f0 of 512 bytes failed: 仅完成部分的 ReadProcessMemory 或 WriteProcessMemory 请求。 (0x12B)
[1114/122518.725:ERROR:process_memory_win.cc(73)] ReadMemory at 0x18e3a76bac0 of 512 bytes failed: 仅完成部分的 ReadProcessMemory 或 WriteProcessMemory 请求。 (0x12B)
[1114/122518.725:ERROR:process_memory_win.cc(73)] ReadMemory at 0x18e3a7b4388 of 512 bytes failed: 仅完成部分的 ReadProcessMemory 或 WriteProcessMemory 请求。 (0x12B)
[1114/122518.725:ERROR:process_memory_win.cc(73)] ReadMemory at 0x18e3a93ff80 of 512 bytes failed: 仅完成部分的 ReadProcessMemory 或 WriteProcessMemory 请求。 (0x12B)
[1114/122518.725:ERROR:process_memory_win.cc(73)] ReadMemory at 0x18e3aa6d100 of 512 bytes failed: 仅完成部分的 ReadProcessMemory 或 WriteProcessMemory 请求。 (0x12B)
[1114/122518.726:ERROR:process_memory_win.cc(73)] ReadMemory at 0x18e3ac3e6a0 of 512 bytes failed: 仅完成部分的 ReadProcessMemory 或 WriteProcessMemory 请求。 (0x12B)
[1114/122518.726:ERROR:process_memory_win.cc(73)] ReadMemory at 0x18e3accce80 of 512 bytes failed: 仅完成部分的 ReadProcessMemory 或 WriteProcessMemory 请求。 (0x12B)
[1114/122518.726:ERROR:process_memory_win.cc(73)] ReadMemory at 0x18e3ad04ee0 of 512 bytes failed: 仅完成部分的 ReadProcessMemory 或 WriteProcessMemory 请求。 (0x12B)
[1114/122518.726:ERROR:process_memory_win.cc(73)] ReadMemory at 0x18e3ad0f188 of 512 bytes failed: 仅完成部分的 ReadProcessMemory 或 WriteProcessMemory 请求。 (0x12B)
[1114/122518.726:ERROR:process_memory_win.cc(73)] ReadMemory at 0x18e3c220c50 of 512 bytes failed: 仅完成部分的 ReadProcessMemory 或 WriteProcessMemory 请求。 (0x12B)
[1114/122518.726:ERROR:process_memory_win.cc(73)] ReadMemory at 0x18e3c303d58 of 512 bytes failed: 仅完成部分的 ReadProcessMemory 或 WriteProcessMemory 请求。 (0x12B)
[1114/122518.726:ERROR:process_memory_win.cc(73)] ReadMemory at 0x657080ab3c4 of 512 bytes failed: 仅完成部分的 ReadProcessMemory 或 WriteProcessMemory 请求。 (0x12B)
[1114/122518.726:ERROR:process_memory_win.cc(73)] ReadMemory at 0x657080b2f0c of 512 bytes failed: 仅完成部分的 ReadProcessMemory 或 WriteProcessMemory 请求。 (0x12B)
[1114/122518.726:ERROR:process_memory_win.cc(73)] ReadMemory at 0x657080f2918 of 512 bytes failed: 仅完成部分的 ReadProcessMemory 或 WriteProcessMemory 请求。 (0x12B)
[1114/122518.726:ERROR:process_memory_win.cc(73)] ReadMemory at 0x6570811d0d8 of 512 bytes failed: 仅完成部分的 ReadProcessMemory 或 WriteProcessMemory 请求。 (0x12B)
[1114/122518.726:ERROR:process_memory_win.cc(73)] ReadMemory at 0x657087aaa64 of 512 bytes failed: 仅完成部分的 ReadProcessMemory 或 WriteProcessMemory 请求。 (0x12B)
[1114/122518.726:ERROR:process_memory_win.cc(73)] ReadMemory at 0x657087aaf78 of 512 bytes failed: 仅完成部分的 ReadProcessMemory 或 WriteProcessMemory 请求。 (0x12B)
[1114/122518.726:ERROR:process_memory_win.cc(73)] ReadMemory at 0x657087ae5cd of 512 bytes failed: 仅完成部分的 ReadProcessMemory 或 WriteProcessMemory 请求。 (0x12B)
[1114/122518.726:ERROR:process_memory_win.cc(73)] ReadMemory at 0x657088756dc of 512 bytes failed: 仅完成部分的 ReadProcessMemory 或 WriteProcessMemory 请求。 (0x12B)
[1114/122518.727:ERROR:process_memory_win.cc(73)] ReadMemory at 0x65708e4be98 of 512 bytes failed: 仅完成部分的 ReadProcessMemory 或 WriteProcessMemory 请求。 (0x12B)
[1114/122518.727:ERROR:process_memory_win.cc(73)] ReadMemory at 0x6f4c346a1880 of 560 bytes failed: 仅完成部分的 ReadProcessMemory 或 WriteProcessMemory 请求。 (0x12B)
[1114/122518.727:ERROR:process_memory_win.cc(73)] ReadMemory at 0x6f4c3476d840 of 512 bytes failed: 仅完成部分的 ReadProcessMemory 或 WriteProcessMemory 请求。 (0x12B)
[1114/122518.727:ERROR:process_memory_win.cc(73)] ReadMemory at 0x7ffa06dd4090 of 512 bytes failed: 仅完成部分的 ReadProcessMemory 或 WriteProcessMemory 请求。 (0x12B)
[1114/122518.727:ERROR:process_memory_win.cc(73)] ReadMemory at 0x7ffa08acb8d5 of 512 bytes failed: 仅完成部分的 ReadProcessMemory 或 WriteProcessMemory 请求。 (0x12B)
[1114/122518.727:ERROR:process_memory_win.cc(73)] ReadMemory at 0x7ffa09d3d5c0 of 512 bytes failed: 仅完成部分的 ReadProcessMemory 或 WriteProcessMemory 请求。 (0x12B)
[1114/122518.727:ERROR:process_memory_win.cc(73)] ReadMemory at 0x7ffa0dd49e30 of 512 bytes failed: 仅完成部分的 ReadProcessMemory 或 WriteProcessMemory 请求。 (0x12B)
[1114/122518.727:ERROR:process_memory_win.cc(73)] ReadMemory at 0x7ffa0e94c17b of 512 bytes failed: 仅完成部分的 ReadProcessMemory 或 WriteProcessMemory 请求。 (0x12B)
[1114/122518.727:ERROR:process_memory_win.cc(73)] ReadMemory at 0x7ffa5b543aa9 of 512 bytes failed: 仅完成部分的 ReadProcessMemory 或 WriteProcessMemory 请求。 (0x12B)
[1114/122518.727:ERROR:process_memory_win.cc(73)] ReadMemory at 0x7ffa5b76d700 of 512 bytes failed: 仅完成部分的 ReadProcessMemory 或 WriteProcessMemory 请求。 (0x12B)
[1114/122518.727:ERROR:process_memory_win.cc(73)] ReadMemory at 0x7ffa5bbf1fd0 of 512 bytes failed: 仅完成部分的 ReadProcessMemory 或 WriteProcessMemory 请求。 (0x12B)
[1114/122518.727:ERROR:process_memory_win.cc(73)] ReadMemory at 0x7ffa5dbbc0c4 of 672 bytes failed: 仅完成部分的 ReadProcessMemory 或 WriteProcessMemory 请求。 (0x12B)
[1114/122518.727:ERROR:process_memory_win.cc(73)] ReadMemory at 0x7ffa5dbbc6c4 of 512 bytes failed: 仅完成部分的 ReadProcessMemory 或 WriteProcessMemory 请求。 (0x12B)
[1114/122518.728:ERROR:process_memory_win.cc(73)] ReadMemory at 0x7ffa5dbbf974 of 608 bytes failed: 仅完成部分的 ReadProcessMemory 或 WriteProcessMemory 请求。 (0x12B)
[1114/122518.728:ERROR:process_memory_win.cc(73)] ReadMemory at 0x7ffa5dc4c428 of 18 bytes failed: 仅完成部分的 ReadProcessMemory 或 WriteProcessMemory 请求。 (0x12B)
[1114/122518.728:ERROR:process_memory_win.cc(73)] ReadMemory at 0x7ffa5dc7f4f8 of 40 bytes failed: 仅完成部分的 ReadProcessMemory 或 WriteProcessMemory 请求。 (0x12B)
[1114/122518.728:ERROR:process_memory_win.cc(73)] ReadMemory at 0x7ffa5dc7f978 of 48 bytes failed: 仅完成部分的 ReadProcessMemory 或 WriteProcessMemory 请求。 (0x12B)
[1114/122518.728:ERROR:process_memory_win.cc(73)] ReadMemory at 0x7ffa5dc853c0 of 64 bytes failed: 仅完成部分的 ReadProcessMemory 或 WriteProcessMemory 请求。 (0x12B)
[1114/122518.732:ERROR:scoped_process_suspend.cc(40)] NtResumeProcess: 已尝试访问正在退出的过程。 (0xc000010a)
[1114/220555.721:ERROR:directory_reader_win.cc(43)] FindFirstFile: 系统找不到指定的路径。 (0x3)
[1115/124346.075:ERROR:directory_reader_win.cc(43)] FindFirstFile: 系统找不到指定的路径。 (0x3)
